{"level":"error","timestamp":"2023-01-25T11:40:24.005Z"}
{"level":"error","message":"/api/v1/user/signup Validation error","timestamp":"2023-01-25T11:41:12.654Z"}
{"level":"error","message":"/api/v1/user/signup Validation error","timestamp":"2023-01-26T06:16:11.526Z"}
{"level":"error","message":"getSingleAttendanceToday read ECONNRESET","timestamp":"2023-02-16T12:31:05.760Z"}
{"level":"error","message":"getSingleAttendanceToday read ECONNRESET","timestamp":"2023-02-16T12:31:05.764Z"}
{"level":"error","message":"getSingleAttendanceToday read ECONNRESET","timestamp":"2023-02-16T12:31:05.765Z"}
{"level":"error","message":"getSingleAttendanceToday read ECONNRESET","timestamp":"2023-02-16T12:31:05.767Z"}
{"level":"error","message":"getSingleAttendanceToday read ECONNRESET","timestamp":"2023-02-16T12:31:05.769Z"}
{"level":"error","message":"getSingleAttendanceToday connect ETIMEDOUT","timestamp":"2023-02-16T12:31:15.767Z"}
{"level":"error","message":"getSingleAttendanceToday connect ETIMEDOUT","timestamp":"2023-02-16T12:31:15.769Z"}
{"level":"error","message":"getSingleAttendanceToday connect ETIMEDOUT","timestamp":"2023-02-16T12:31:15.770Z"}
{"level":"error","message":"getSingleAttendanceToday connect ETIMEDOUT","timestamp":"2023-02-16T12:31:15.771Z"}
{"level":"error","message":"getSingleAttendanceToday connect ETIMEDOUT","timestamp":"2023-02-16T12:31:15.772Z"}
{"level":"error","message":"getSingleAttendanceToday connect ETIMEDOUT","timestamp":"2023-02-16T12:31:25.770Z"}
{"level":"error","message":"getSingleAttendanceToday connect ETIMEDOUT","timestamp":"2023-02-16T12:31:25.772Z"}
{"level":"error","message":"getSingleAttendanceToday connect ETIMEDOUT","timestamp":"2023-02-16T12:31:25.773Z"}
{"level":"error","message":"getSingleAttendanceToday connect ETIMEDOUT","timestamp":"2023-02-16T12:31:25.775Z"}
{"level":"error","message":"getSingleAttendanceToday connect ETIMEDOUT","timestamp":"2023-02-16T12:31:25.776Z"}
{"level":"error","message":"getSingleAttendanceToday connect ETIMEDOUT","timestamp":"2023-02-16T12:31:35.787Z"}
{"level":"error","message":"getSingleAttendanceToday connect ETIMEDOUT","timestamp":"2023-02-16T12:31:35.789Z"}
{"level":"error","message":"getSingleAttendanceToday connect ETIMEDOUT","timestamp":"2023-02-16T12:31:35.790Z"}
{"level":"error","message":"getSingleAttendanceToday connect ETIMEDOUT","timestamp":"2023-02-16T12:31:35.792Z"}
{"level":"error","message":"getSingleAttendanceToday connect ETIMEDOUT","timestamp":"2023-02-16T12:31:35.793Z"}
{"level":"error","message":"getSingleAttendanceToday connect ETIMEDOUT","timestamp":"2023-02-16T12:31:45.796Z"}
{"level":"error","message":"getSingleAttendanceToday connect ETIMEDOUT","timestamp":"2023-02-16T12:31:45.798Z"}
{"level":"error","message":"getSingleAttendanceToday connect ETIMEDOUT","timestamp":"2023-02-16T12:31:45.800Z"}
{"level":"error","message":"getSingleAttendanceToday connect ETIMEDOUT","timestamp":"2023-02-16T12:31:45.802Z"}
{"level":"error","message":"getSingleAttendanceToday connect ETIMEDOUT","timestamp":"2023-02-16T12:31:45.803Z"}
{"level":"error","message":"getSingleAttendanceToday connect ETIMEDOUT","timestamp":"2023-02-16T12:31:55.808Z"}
{"level":"error","message":"getSingleAttendanceToday connect ETIMEDOUT","timestamp":"2023-02-16T12:31:55.810Z"}
{"level":"error","message":"getSingleAttendanceToday connect ETIMEDOUT","timestamp":"2023-02-16T12:31:55.811Z"}
{"level":"error","message":"getSingleAttendanceToday connect ETIMEDOUT","timestamp":"2023-02-16T12:31:55.812Z"}
{"level":"error","message":"getSingleAttendanceToday connect ETIMEDOUT","timestamp":"2023-02-16T12:31:55.814Z"}
{"level":"error","message":"add_employee create notNull Violation: add_employee.Employee_Id cannot be null","timestamp":"2023-02-18T07:28:52.116Z"}
{"level":"error","message":"res.cookies is not a function","timestamp":"2023-02-18T16:58:36.815Z"}
{"level":"error","message":"res.cookies is not a function","timestamp":"2023-02-18T16:58:39.919Z"}
{"level":"error","message":"option expires is invalid","timestamp":"2023-02-19T06:18:26.627Z"}
{"level":"error","message":"Cannot read properties of undefined (reading 'jwt')","timestamp":"2023-02-19T06:22:06.182Z"}
{"level":"error","message":"Cannot read properties of undefined (reading 'jwt')","timestamp":"2023-02-19T06:23:20.258Z"}
{"level":"error","message":"Cannot read properties of undefined (reading 'jwt')","timestamp":"2023-02-19T06:24:15.050Z"}
{"level":"error","message":"Cannot read properties of undefined (reading 'jwt')","timestamp":"2023-02-19T06:24:31.862Z"}
{"level":"error","message":"Cannot read properties of undefined (reading 'jwt')","timestamp":"2023-02-19T06:24:55.259Z"}
{"level":"error","message":"Cannot read properties of undefined (reading 'jwt')","timestamp":"2023-02-19T06:25:29.939Z"}
{"level":"error","message":"Cannot read properties of undefined (reading 'jwt')","timestamp":"2023-02-19T06:26:27.948Z"}
{"level":"error","message":"Cannot read properties of undefined (reading 'jwt')","timestamp":"2023-02-19T10:50:07.341Z"}
{"level":"error","message":"Cannot read properties of undefined (reading 'token')","timestamp":"2023-02-19T10:50:35.903Z"}
{"level":"error","message":"Cannot read properties of undefined (reading 'token')","timestamp":"2023-02-19T10:53:19.747Z"}
{"level":"error","message":"Cannot read properties of undefined (reading 'token')","timestamp":"2023-02-19T10:53:40.332Z"}
{"level":"error","message":"Cannot read properties of undefined (reading 'token')","timestamp":"2023-02-19T10:53:50.764Z"}
{"level":"error","message":"option expires is invalid","timestamp":"2023-02-19T10:54:24.998Z"}
{"level":"error","message":"option expires is invalid","timestamp":"2023-02-19T10:54:34.281Z"}
{"level":"error","message":"option expires is invalid","timestamp":"2023-02-19T10:55:17.930Z"}
{"level":"error","message":"option expires is invalid","timestamp":"2023-02-19T10:55:19.347Z"}
{"level":"error","message":"option expires is invalid","timestamp":"2023-02-19T10:55:21.796Z"}
{"level":"error","message":"option expires is invalid","timestamp":"2023-02-19T10:55:57.345Z"}
{"level":"error","message":"Cannot read properties of undefined (reading 'token')","timestamp":"2023-02-19T11:01:10.997Z"}
{"level":"error","message":"add_employee create notNull Violation: add_employee.Employee_Id cannot be null,\nnotNull Violation: add_employee.Employee_FirstName cannot be null,\nnotNull Violation: add_employee.Employee_LastName cannot be null,\nnotNull Violation: add_employee.Email cannot be null,\nnotNull Violation: add_employee.Password cannot be null,\nnotNull Violation: add_employee.Phone cannot be null,\nnotNull Violation: add_employee.Company cannot be null,\nnotNull Violation: add_employee.Department cannot be null,\nnotNull Violation: add_employee.Joining_Date cannot be null,\nnotNull Violation: add_employee.Designation cannot be null,\nnotNull Violation: add_employee.Img cannot be null","timestamp":"2023-02-19T15:20:26.187Z"}
{"level":"error","message":"add_employee create notNull Violation: add_employee.Designation cannot be null,\nnotNull Violation: add_employee.Img cannot be null","timestamp":"2023-02-19T16:01:49.333Z"}
{"level":"error","message":"add_employee create Validation error","timestamp":"2023-02-19T16:28:34.438Z"}
{"level":"error","message":"add_employee create Validation error","timestamp":"2023-02-19T16:29:14.149Z"}
{"level":"error","message":"add_employee create string violation: Img cannot be an array or an object","timestamp":"2023-02-19T16:39:55.996Z"}
{"level":"error","message":"add_employee create string violation: Img cannot be an array or an object","timestamp":"2023-02-19T16:40:44.060Z"}
{"level":"error","message":"add_employee create notNull Violation: add_employee.Designation cannot be null,\nnotNull Violation: add_employee.Img cannot be null","timestamp":"2023-02-20T02:52:24.096Z"}
{"level":"error","message":"add_employee create notNull Violation: add_employee.Designation cannot be null,\nnotNull Violation: add_employee.Img cannot be null","timestamp":"2023-02-20T02:53:59.362Z"}
{"level":"error","message":"add_employee create notNull Violation: add_employee.Img cannot be null","timestamp":"2023-02-20T02:54:41.292Z"}
{"level":"error","message":"add_employee create string violation: Img cannot be an array or an object","timestamp":"2023-02-20T03:24:35.056Z"}
{"level":"error","message":"add_employee create Validation error","timestamp":"2023-02-20T03:24:52.072Z"}
{"level":"error","message":"add_employee create string violation: Img cannot be an array or an object","timestamp":"2023-02-20T03:49:08.410Z"}
{"level":"error","message":"add_employee create notNull Violation: add_employee.Employee_Id cannot be null,\nnotNull Violation: add_employee.Employee_FirstName cannot be null,\nnotNull Violation: add_employee.Employee_LastName cannot be null,\nnotNull Violation: add_employee.Email cannot be null,\nnotNull Violation: add_employee.Password cannot be null,\nnotNull Violation: add_employee.Phone cannot be null,\nnotNull Violation: add_employee.Company cannot be null,\nnotNull Violation: add_employee.Department cannot be null,\nnotNull Violation: add_employee.Joining_Date cannot be null,\nnotNull Violation: add_employee.Designation cannot be null,\nnotNull Violation: add_employee.Img cannot be null","timestamp":"2023-02-20T04:13:36.720Z"}
{"level":"error","message":"add_employee create notNull Violation: add_employee.Img cannot be null","timestamp":"2023-02-20T04:22:37.808Z"}
{"level":"error","message":"add_employee create notNull Violation: add_employee.Img cannot be null","timestamp":"2023-02-20T04:22:55.209Z"}
{"level":"error","message":"add_employee create notNull Violation: add_employee.Img cannot be null","timestamp":"2023-02-20T04:24:01.561Z"}
{"level":"error","message":"add_employee create notNull Violation: add_employee.Img cannot be null","timestamp":"2023-02-20T04:24:02.997Z"}
{"level":"error","message":"add_employee create Cannot read properties of undefined (reading 'path')","timestamp":"2023-02-20T05:30:24.847Z"}
{"level":"error","message":"add_employee create Cannot read properties of undefined (reading 'path')","timestamp":"2023-02-20T05:33:55.156Z"}
{"level":"error","message":"add_employee create Cannot read properties of undefined (reading 'path')","timestamp":"2023-02-20T05:37:12.293Z"}
{"level":"error","message":"add_employee create Cannot read properties of undefined (reading 'path')","timestamp":"2023-02-20T05:37:16.709Z"}
{"level":"error","message":"add_employee create Cannot read properties of undefined (reading 'path')","timestamp":"2023-02-20T05:37:46.579Z"}
{"level":"error","message":"add_employee create Cannot read properties of undefined (reading 'path')","timestamp":"2023-02-20T05:38:47.777Z"}
{"level":"error","message":"add_employee create Cannot read properties of undefined (reading 'path')","timestamp":"2023-02-20T05:39:19.069Z"}
{"level":"error","message":"add_employee create Cannot read properties of undefined (reading 'path')","timestamp":"2023-02-20T05:39:57.940Z"}
{"level":"error","message":"add_employee create Cannot read properties of undefined (reading 'path')","timestamp":"2023-02-20T05:41:38.828Z"}
{"level":"error","message":"add_employee create Validation error","timestamp":"2023-02-20T05:45:47.464Z"}
{"level":"error","message":"add_employee create Validation error","timestamp":"2023-02-20T05:49:56.363Z"}
{"level":"error","message":"add_employee create Validation error","timestamp":"2023-02-20T05:54:56.826Z"}
{"level":"error","message":"add_employee create Validation error","timestamp":"2023-02-20T06:11:52.944Z"}
{"level":"error","message":"add_employee create Cannot read properties of undefined (reading 'path')","timestamp":"2023-02-20T06:12:26.705Z"}
{"level":"error","message":"add_employee create Cannot read properties of undefined (reading 'path')","timestamp":"2023-02-20T06:15:29.371Z"}
{"level":"error","message":"add_employee create Cannot read properties of undefined (reading 'path')","timestamp":"2023-02-20T06:15:34.337Z"}
{"level":"error","message":"add_employee create Validation error","timestamp":"2023-02-20T06:16:36.061Z"}
{"level":"error","message":"add_employee create Cannot read properties of undefined (reading 'path')","timestamp":"2023-02-20T08:31:13.006Z"}
{"level":"error","message":"add_employee create Cannot read properties of undefined (reading 'path')","timestamp":"2023-02-20T08:35:03.181Z"}
{"level":"error","message":"add_employee create Cannot read properties of undefined (reading 'path')","timestamp":"2023-02-20T08:35:14.852Z"}
{"level":"error","message":"add_employee create Cannot read properties of undefined (reading 'path')","timestamp":"2023-02-20T08:35:20.687Z"}
{"level":"error","message":"add_employee create Cannot read properties of undefined (reading 'path')","timestamp":"2023-02-20T09:05:01.411Z"}
{"level":"error","message":"add_employee create Cannot read properties of undefined (reading 'path')","timestamp":"2023-02-20T09:45:27.879Z"}
{"level":"error","message":"add_employee create Cannot read properties of undefined (reading 'path')","timestamp":"2023-02-20T09:54:35.383Z"}
{"level":"error","message":"add_employee create Cannot read properties of undefined (reading 'path')","timestamp":"2023-02-20T09:59:37.844Z"}
{"level":"error","message":"add_employee create Cannot read properties of undefined (reading 'path')","timestamp":"2023-02-20T10:03:16.636Z"}
{"level":"error","message":"add_employee create Cannot read properties of undefined (reading 'path')","timestamp":"2023-02-20T10:23:29.219Z"}
{"level":"error","message":"add_employee create Cannot read properties of undefined (reading 'path')","timestamp":"2023-02-20T10:24:12.251Z"}
{"level":"error","message":"add_employee create Cannot read properties of undefined (reading 'path')","timestamp":"2023-02-20T10:30:51.719Z"}
{"level":"error","message":"add_employee create Cannot destructure property 'path' of 'req.file' as it is undefined.","timestamp":"2023-02-20T10:35:07.743Z"}
{"level":"error","message":"add_employee create Cannot destructure property 'path' of 'req.file' as it is undefined.","timestamp":"2023-02-20T10:39:14.606Z"}
{"level":"error","message":"add_employee create Cannot destructure property 'path' of 'req.file' as it is undefined.","timestamp":"2023-02-20T10:40:42.752Z"}
{"level":"error","message":"add_employee create Cannot read properties of undefined (reading 'path')","timestamp":"2023-02-20T10:41:29.294Z"}
{"level":"error","message":"add_employee create Cannot read properties of undefined (reading 'path')","timestamp":"2023-02-20T11:02:05.033Z"}
{"level":"error","message":"add_employee create Validation error","timestamp":"2023-02-20T11:04:23.287Z"}
{"level":"error","message":"add_employee create Cannot read properties of undefined (reading 'path')","timestamp":"2023-02-20T11:10:59.998Z"}
{"level":"error","message":"add_employee create Cannot read properties of undefined (reading 'path')","timestamp":"2023-02-20T11:14:35.984Z"}
{"level":"error","message":"add_employee create Cannot read properties of undefined (reading 'path')","timestamp":"2023-02-20T11:16:30.505Z"}
{"level":"error","message":"add_employee create string violation: Img cannot be an array or an object","timestamp":"2023-02-20T11:24:03.931Z"}
{"level":"error","message":"add_employee create string violation: Img cannot be an array or an object","timestamp":"2023-02-20T11:26:20.989Z"}
{"level":"error","message":"add_employee create Cannot read properties of undefined (reading 'path')","timestamp":"2023-02-20T11:46:01.947Z"}
{"level":"error","message":"add_employee create Cannot read properties of undefined (reading 'path')","timestamp":"2023-02-20T11:47:42.594Z"}
{"level":"error","message":"add_employee create Cannot read properties of undefined (reading 'path')","timestamp":"2023-02-20T11:48:48.283Z"}
{"level":"error","message":"add_employee create Cannot read properties of undefined (reading 'path')","timestamp":"2023-02-20T11:51:11.567Z"}
{"level":"error","message":"add_employee create Cannot read properties of undefined (reading 'path')","timestamp":"2023-02-20T11:51:26.209Z"}
{"level":"error","message":"add_employee create Cannot read properties of undefined (reading 'path')","timestamp":"2023-02-20T11:56:42.487Z"}
{"level":"error","message":"add_employee create Cannot read properties of undefined (reading 'path')","timestamp":"2023-02-20T11:59:15.581Z"}
{"level":"error","message":"add_employee create Cannot read properties of undefined (reading 'path')","timestamp":"2023-02-20T13:00:53.252Z"}
{"level":"error","message":"add_employee create Cannot read properties of undefined (reading 'path')","timestamp":"2023-02-20T13:20:39.281Z"}
{"level":"error","message":"add_employee create Cannot read properties of undefined (reading 'path')","timestamp":"2023-02-20T13:23:08.638Z"}
{"level":"error","message":"add_employee create Cannot read properties of undefined (reading 'path')","timestamp":"2023-02-20T13:28:06.875Z"}
{"level":"error","message":"add_employee create Cannot read properties of undefined (reading 'path')","timestamp":"2023-02-20T13:29:16.287Z"}
{"level":"error","message":"add_employee create Cannot read properties of undefined (reading 'path')","timestamp":"2023-02-20T14:29:19.974Z"}
{"level":"error","message":"add_employee create Cannot read properties of undefined (reading 'path')","timestamp":"2023-02-20T14:30:47.879Z"}
{"level":"error","message":"add_employee create Cannot read properties of undefined (reading 'path')","timestamp":"2023-02-20T14:32:59.753Z"}
{"level":"error","message":"add_employee create Cannot read properties of undefined (reading 'path')","timestamp":"2023-02-20T14:33:08.512Z"}
{"level":"error","message":"add_employee create Cannot read properties of undefined (reading 'path')","timestamp":"2023-02-20T14:35:29.032Z"}
{"level":"error","message":"add_employee create Cannot read properties of undefined (reading 'path')","timestamp":"2023-02-20T14:40:03.471Z"}
{"level":"error","message":"add_employee create Cannot read properties of undefined (reading 'path')","timestamp":"2023-02-20T14:46:28.999Z"}
{"level":"error","message":"add_employee create Cannot read properties of undefined (reading 'path')","timestamp":"2023-02-20T17:20:35.934Z"}
{"level":"error","message":"add_employee create Cannot read properties of undefined (reading 'path')","timestamp":"2023-02-22T04:58:20.290Z"}
{"level":"error","message":"add_employee create Cannot read properties of undefined (reading 'path')","timestamp":"2023-02-22T04:58:35.523Z"}
{"level":"error","message":"add_employee create Cannot read properties of undefined (reading 'path')","timestamp":"2023-02-22T04:59:38.351Z"}
{"level":"error","message":"add_employee create Cannot read properties of undefined (reading 'path')","timestamp":"2023-02-22T05:18:32.359Z"}
{"level":"error","message":"add_employee create Cannot read properties of undefined (reading 'path')","timestamp":"2023-02-22T05:32:50.727Z"}
{"level":"error","message":"add_employee create Cannot read properties of undefined (reading 'path')","timestamp":"2023-02-22T05:40:10.891Z"}
{"level":"error","message":"getAllEmployee connect ETIMEDOUT","timestamp":"2023-02-22T06:01:17.449Z"}
{"level":"error","message":"/api/v1/profile_information/2 connect EHOSTUNREACH 192.168.0.115:3306","timestamp":"2023-02-22T06:01:23.600Z"}
{"level":"error","message":"getAllEmployee connect EHOSTUNREACH 192.168.0.115:3306","timestamp":"2023-02-22T06:01:23.603Z"}
{"level":"error","message":"getAllEmployee connect EHOSTUNREACH 192.168.0.115:3306","timestamp":"2023-02-22T06:01:26.673Z"}
{"level":"error","message":"/api/v1/profile_information/2 connect EHOSTUNREACH 192.168.0.115:3306","timestamp":"2023-02-22T06:01:26.675Z"}
{"level":"error","message":"/api/v1/profile_information/2 connect EHOSTUNREACH 192.168.0.115:3306","timestamp":"2023-02-22T06:01:29.744Z"}
{"level":"error","message":"/api/v1/profile_information/2 connect EHOSTUNREACH 192.168.0.115:3306","timestamp":"2023-02-22T06:01:32.816Z"}
{"level":"error","message":"add_employee create Validation error","timestamp":"2023-02-22T07:55:54.759Z"}
{"level":"error","message":"add_employee create Validation error","timestamp":"2023-02-22T07:56:18.884Z"}
{"level":"error","message":"add_employee create Cannot read properties of undefined (reading 'path')","timestamp":"2023-02-22T09:20:29.417Z"}
{"level":"error","message":"Expected \"payload\" to be a plain object.","timestamp":"2023-02-22T10:58:32.450Z"}
{"level":"error","message":"option expires is invalid","timestamp":"2023-02-22T11:54:32.080Z"}
{"level":"error","message":"option expires is invalid","timestamp":"2023-02-22T11:54:47.753Z"}
{"level":"error","message":"option expires is invalid","timestamp":"2023-02-22T11:55:14.670Z"}
{"level":"error","message":"option expires is invalid","timestamp":"2023-02-22T11:55:23.903Z"}
{"level":"error","message":"option expires is invalid","timestamp":"2023-02-22T12:05:06.562Z"}
{"level":"error","message":"option expires is invalid","timestamp":"2023-02-22T12:05:29.584Z"}
{"level":"error","message":"cookieParser is not defined","timestamp":"2023-02-23T05:06:07.677Z"}
{"level":"error","message":"Cookies is not defined","timestamp":"2023-02-23T05:06:48.436Z"}
{"level":"error","message":"Cookies is not defined","timestamp":"2023-02-23T05:07:21.106Z"}
{"level":"error","message":"Cookies is not defined","timestamp":"2023-02-23T05:07:37.909Z"}
{"level":"error","message":"Cannot read properties of undefined (reading 'status')","timestamp":"2023-02-23T05:12:18.159Z"}
{"level":"error","message":"Cannot read properties of undefined (reading 'status')","timestamp":"2023-02-23T05:12:34.784Z"}
{"level":"error","message":"Cannot read properties of undefined (reading 'status')","timestamp":"2023-02-23T05:12:53.703Z"}
{"level":"error","message":"Cookies is not defined","timestamp":"2023-02-23T05:19:29.541Z"}
{"level":"error","message":"Cannot access 'pass_word' before initialization","timestamp":"2023-02-23T05:45:58.786Z"}
{"level":"error","message":"Cannot access 'pass_word' before initialization","timestamp":"2023-02-23T05:46:00.526Z"}
{"level":"error","message":"Cannot access 'pass_word' before initialization","timestamp":"2023-02-23T05:46:01.286Z"}
{"level":"error","message":"Cannot access 'pass_word' before initialization","timestamp":"2023-02-23T05:46:39.313Z"}
{"level":"error","message":"pass_word is not defined","timestamp":"2023-02-23T05:47:30.535Z"}
{"level":"error","message":"pass_word is not defined","timestamp":"2023-02-23T05:47:32.468Z"}
{"level":"error","message":"clientInsert Validation error","timestamp":"2023-02-23T06:59:57.605Z"}
{"level":"error","message":"clientInsert Validation error","timestamp":"2023-02-23T07:02:00.750Z"}
{"level":"error","message":"clientInsert Validation error","timestamp":"2023-02-23T07:04:54.328Z"}
{"level":"error","message":"clientInsert notNull Violation: clients.Client_FirstName cannot be null,\nnotNull Violation: clients.Client_LastName cannot be null,\nnotNull Violation: clients.Client_Email cannot be null","timestamp":"2023-02-23T07:08:07.931Z"}
{"level":"error","message":"clientInsert Client_Id is not defined","timestamp":"2023-02-23T07:12:04.611Z"}
{"level":"error","message":"clientInsert Client_Id is not defined","timestamp":"2023-02-23T07:12:12.443Z"}
{"level":"error","message":"Pending_Task_For_Individual_Employee Unknown column 'Assigned_to' in 'field list'","timestamp":"2023-02-23T07:36:43.895Z"}
{"level":"error","message":"Pending_Task_For_Individual_Employee Unknown column 'Assigned_to' in 'field list'","timestamp":"2023-02-23T07:43:02.102Z"}
{"level":"error","message":"add_employee create Validation error","timestamp":"2023-02-23T07:45:23.041Z"}
{"level":"error","message":"Pending_Task_For_Individual_Employee Unknown column 'Assigned_to' in 'field list'","timestamp":"2023-02-23T07:50:57.941Z"}
{"level":"error","message":"Pending_Task_For_Individual_Employee Unknown column 'Assigned_to' in 'field list'","timestamp":"2023-02-23T07:53:51.495Z"}
{"level":"error","message":"Pending_Task_For_Individual_Employee Unknown column 'Assigned_to' in 'field list'","timestamp":"2023-02-23T08:19:29.427Z"}
{"level":"error","message":"Pending_Task_For_Individual_Employee Unknown column 'Assigned_to' in 'field list'","timestamp":"2023-02-23T08:52:48.411Z"}
{"level":"error","message":"Pending_Task_For_Individual_Employee Unknown column 'Assigned_to' in 'field list'","timestamp":"2023-02-23T08:57:17.835Z"}
{"level":"error","message":"add_employee create Validation error","timestamp":"2023-02-23T09:25:45.660Z"}
{"level":"error","message":"/api/v1/profile_information/1 Incorrect datetime value: 'Invalid date' for column 'Birth_Date' at row 1","timestamp":"2023-02-23T09:33:47.306Z"}
{"level":"error","message":"/api/v1/profile_information/1 Incorrect datetime value: 'Invalid date' for column 'Birth_Date' at row 1","timestamp":"2023-02-23T09:34:18.089Z"}
{"level":"error","message":"/api/v1/profile_information/1 Incorrect datetime value: 'Invalid date' for column 'Birth_Date' at row 1","timestamp":"2023-02-23T09:37:29.185Z"}
{"level":"error","message":"/api/v1/profile_information/1 Incorrect datetime value: 'Invalid date' for column 'Birth_Date' at row 1","timestamp":"2023-02-23T09:55:38.449Z"}
{"level":"error","message":"/api/v1/profile_information/1 Incorrect datetime value: 'Invalid date' for column 'Birth_Date' at row 1","timestamp":"2023-02-23T10:09:27.387Z"}
{"level":"error","message":"/api/v1/profile_information/1 Incorrect datetime value: 'Invalid date' for column 'Birth_Date' at row 1","timestamp":"2023-02-23T10:11:01.589Z"}
{"level":"error","message":"/api/v1/profile_information/1 Incorrect datetime value: 'Invalid date' for column 'Birth_Date' at row 1","timestamp":"2023-02-23T10:15:12.363Z"}
{"level":"error","message":"/api/v1/profile_information/1 Incorrect datetime value: 'Invalid date' for column 'Birth_Date' at row 1","timestamp":"2023-02-23T10:26:52.265Z"}
{"level":"error","message":"/api/v1/profile_information/1 Incorrect datetime value: 'Invalid date' for column 'Birth_Date' at row 1","timestamp":"2023-02-23T10:30:10.553Z"}
{"level":"error","message":"/api/v1/profile_information/1 Incorrect datetime value: 'Invalid date' for column 'Birth_Date' at row 1","timestamp":"2023-02-23T10:42:34.428Z"}
{"level":"error","message":"/api/v1/profile_information/1 Cannot read properties of undefined (reading 'path')","timestamp":"2023-02-23T10:57:37.584Z"}
{"level":"error","message":"add_employee create Validation error","timestamp":"2023-02-23T11:36:37.748Z"}
{"level":"error","message":"add_employee create Validation error","timestamp":"2023-02-23T11:36:52.268Z"}
{"level":"error","message":"/api/v1/profile_information/3 Incorrect datetime value: 'Invalid date' for column 'Birth_Date' at row 1","timestamp":"2023-02-23T12:38:31.865Z"}
{"level":"error","message":"/api/v1/profile_information/3 Incorrect datetime value: 'Invalid date' for column 'Birth_Date' at row 1","timestamp":"2023-02-23T12:39:29.239Z"}
{"level":"error","message":"/api/v1/profile_information/1 Unknown column 'addEmployeeEmployeeId' in 'field list'","timestamp":"2023-02-24T04:33:34.513Z"}
{"level":"error","message":"/api/v1/profile_information/1 Unknown column 'addEmployeeEmployeeId' in 'field list'","timestamp":"2023-02-24T04:33:34.529Z"}
{"level":"error","message":"/api/v1/profile_information/1 Unknown column 'addEmployeeEmployeeId' in 'field list'","timestamp":"2023-02-24T04:33:34.538Z"}
{"level":"error","message":"/api/v1/profile_information/1 Unknown column 'addEmployeeEmployeeId' in 'field list'","timestamp":"2023-02-24T04:33:34.555Z"}
{"level":"error","message":"/api/v1/profile_information/1 Unknown column 'addEmployeeEmployeeId' in 'field list'","timestamp":"2023-02-24T04:35:21.595Z"}
{"level":"error","message":"/api/v1/profile_information/1 Unknown column 'addEmployeeEmployeeId' in 'field list'","timestamp":"2023-02-24T04:35:21.607Z"}
{"level":"error","message":"/api/v1/profile_information/1 Unknown column 'addEmployeeEmployeeId' in 'field list'","timestamp":"2023-02-24T04:35:21.715Z"}
{"level":"error","message":"/api/v1/profile_information/1 Unknown column 'addEmployeeEmployeeId' in 'field list'","timestamp":"2023-02-24T04:35:21.717Z"}
{"level":"error","message":"/api/v1/profile_information/1 Unknown column 'addEmployeeEmployeeId' in 'field list'","timestamp":"2023-02-24T04:35:21.850Z"}
{"level":"error","message":"/api/v1/profile_information/1 Unknown column 'addEmployeeEmployeeId' in 'field list'","timestamp":"2023-02-24T10:00:40.050Z"}
{"level":"error","message":"/api/v1/profile_information/1 Unknown column 'addEmployeeEmployeeId' in 'field list'","timestamp":"2023-02-24T10:00:40.148Z"}
{"level":"error","message":"/api/v1/profile_information/1 Unknown column 'addEmployeeEmployeeId' in 'field list'","timestamp":"2023-02-24T10:00:40.197Z"}
{"level":"error","message":"/api/v1/profile_information/1 Unknown column 'addEmployeeEmployeeId' in 'field list'","timestamp":"2023-02-24T10:00:40.280Z"}
{"level":"error","message":"/api/v1/profile_information/1 Unknown column 'addEmployeeEmployeeId' in 'field list'","timestamp":"2023-02-24T15:26:20.201Z"}
{"level":"error","message":"/api/v1/profile_information/1 Unknown column 'addEmployeeEmployeeId' in 'field list'","timestamp":"2023-02-24T15:26:20.206Z"}
{"level":"error","message":"/api/v1/profile_information/1 Unknown column 'addEmployeeEmployeeId' in 'field list'","timestamp":"2023-02-24T15:26:20.250Z"}
{"level":"error","message":"/api/v1/profile_information/1 Unknown column 'addEmployeeEmployeeId' in 'field list'","timestamp":"2023-02-24T15:26:20.280Z"}
{"level":"error","message":"/api/v1/profile_information/1 Unknown column 'addEmployeeEmployeeId' in 'field list'","timestamp":"2023-02-24T15:26:20.316Z"}
{"level":"error","message":"/api/v1/profile_information/null Unknown column 'addEmployeeEmployeeId' in 'field list'","timestamp":"2023-02-24T15:27:08.603Z"}
{"level":"error","message":"/api/v1/profile_information/null Unknown column 'addEmployeeEmployeeId' in 'field list'","timestamp":"2023-02-24T15:27:08.622Z"}
{"level":"error","message":"/api/v1/profile_information/null Unknown column 'addEmployeeEmployeeId' in 'field list'","timestamp":"2023-02-24T15:27:08.629Z"}
{"level":"error","message":"/api/v1/profile_information/null Unknown column 'addEmployeeEmployeeId' in 'field list'","timestamp":"2023-02-24T15:27:08.657Z"}
{"level":"error","message":"/api/v1/profile_information/1 Unknown column 'addEmployeeEmployeeId' in 'field list'","timestamp":"2023-02-24T15:27:29.251Z"}
{"level":"error","message":"/api/v1/profile_information/1 Unknown column 'addEmployeeEmployeeId' in 'field list'","timestamp":"2023-02-24T15:27:29.261Z"}
{"level":"error","message":"/api/v1/profile_information/1 Unknown column 'addEmployeeEmployeeId' in 'field list'","timestamp":"2023-02-24T15:27:29.263Z"}
{"level":"error","message":"/api/v1/profile_information/1 Unknown column 'addEmployeeEmployeeId' in 'field list'","timestamp":"2023-02-24T15:27:29.269Z"}
{"level":"error","message":"/api/v1/profile_information/1 Unknown column 'addEmployeeEmployeeId' in 'field list'","timestamp":"2023-02-24T15:27:29.689Z"}
{"level":"error","message":"/api/v1/profile_information/1 Unknown column 'addEmployeeEmployeeId' in 'field list'","timestamp":"2023-02-24T15:30:09.118Z"}
{"level":"error","message":"/api/v1/profile_information/1 Unknown column 'addEmployeeEmployeeId' in 'field list'","timestamp":"2023-02-24T15:30:09.122Z"}
{"level":"error","message":"/api/v1/profile_information/1 Unknown column 'addEmployeeEmployeeId' in 'field list'","timestamp":"2023-02-24T15:30:09.203Z"}
{"level":"error","message":"/api/v1/profile_information/1 Unknown column 'addEmployeeEmployeeId' in 'field list'","timestamp":"2023-02-24T15:30:09.205Z"}
{"level":"error","message":"/api/v1/profile_information/1 Unknown column 'addEmployeeEmployeeId' in 'field list'","timestamp":"2023-02-24T15:30:46.327Z"}
{"level":"error","message":"/api/v1/profile_information/1 Unknown column 'addEmployeeEmployeeId' in 'field list'","timestamp":"2023-02-24T15:30:46.330Z"}
{"level":"error","message":"/api/v1/profile_information/1 Unknown column 'addEmployeeEmployeeId' in 'field list'","timestamp":"2023-02-24T15:30:46.334Z"}
{"level":"error","message":"/api/v1/profile_information/1 Unknown column 'addEmployeeEmployeeId' in 'field list'","timestamp":"2023-02-24T15:30:46.337Z"}
{"level":"error","message":"/api/v1/profile_information/1 Unknown column 'addEmployeeEmployeeId' in 'field list'","timestamp":"2023-02-24T15:30:46.598Z"}
{"level":"error","message":"/api/v1/profile_information/1 Unknown column 'addEmployeeEmployeeId' in 'field list'","timestamp":"2023-02-24T16:13:38.659Z"}
{"level":"error","message":"/api/v1/profile_information/1 Unknown column 'addEmployeeEmployeeId' in 'field list'","timestamp":"2023-02-24T16:13:38.666Z"}
{"level":"error","message":"/api/v1/profile_information/1 Unknown column 'addEmployeeEmployeeId' in 'field list'","timestamp":"2023-02-24T16:13:38.970Z"}
{"level":"error","message":"/api/v1/profile_information/1 Unknown column 'addEmployeeEmployeeId' in 'field list'","timestamp":"2023-02-24T16:13:38.987Z"}
{"level":"error","message":"/api/v1/profile_information/1 Unknown column 'addEmployeeEmployeeId' in 'field list'","timestamp":"2023-02-24T16:13:39.018Z"}
{"level":"error","message":"/api/v1/profile_information/1 Unknown column 'addEmployeeEmployeeId' in 'field list'","timestamp":"2023-02-24T16:14:28.443Z"}
{"level":"error","message":"/api/v1/profile_information/1 Unknown column 'addEmployeeEmployeeId' in 'field list'","timestamp":"2023-02-24T16:14:28.447Z"}
{"level":"error","message":"/api/v1/profile_information/1 Unknown column 'addEmployeeEmployeeId' in 'field list'","timestamp":"2023-02-24T16:14:28.451Z"}
{"level":"error","message":"/api/v1/profile_information/1 Unknown column 'addEmployeeEmployeeId' in 'field list'","timestamp":"2023-02-24T16:14:28.464Z"}
{"level":"error","message":"/api/v1/profile_information/null Unknown column 'addEmployeeEmployeeId' in 'field list'","timestamp":"2023-02-25T04:27:45.315Z"}
{"level":"error","message":"/api/v1/profile_information/null Unknown column 'addEmployeeEmployeeId' in 'field list'","timestamp":"2023-02-25T04:27:45.320Z"}
{"level":"error","message":"/api/v1/profile_information/null Unknown column 'addEmployeeEmployeeId' in 'field list'","timestamp":"2023-02-25T04:27:45.322Z"}
{"level":"error","message":"/api/v1/profile_information/null Unknown column 'addEmployeeEmployeeId' in 'field list'","timestamp":"2023-02-25T04:27:45.324Z"}
{"level":"error","message":"insertAttendanceInfo Cannot add or update a child row: a foreign key constraint fails (`fbdbhrm`.`attendances`, CONSTRAINT `attendances_ibfk_1` FOREIGN KEY (`addEmployeeEmployeeId`) REFERENCES `add_employees` (`Employee_Id`) ON DELETE SET NULL ON UPDATE CASCADE)","timestamp":"2023-02-25T04:56:05.527Z"}
{"level":"error","message":"insertAttendanceInfo Cannot add or update a child row: a foreign key constraint fails (`fbdbhrm`.`attendances`, CONSTRAINT `attendances_ibfk_1` FOREIGN KEY (`addEmployeeEmployeeId`) REFERENCES `add_employees` (`Employee_Id`) ON DELETE SET NULL ON UPDATE CASCADE)","timestamp":"2023-02-25T04:56:51.639Z"}
{"level":"error","message":"createDeduction  Monthly_Salary is not defined","timestamp":"2023-02-25T06:43:10.391Z"}
{"level":"error","message":"createDeduction  Monthly_Salary is not defined","timestamp":"2023-02-25T06:43:23.035Z"}
{"level":"error","message":"/api/v1/profile_information/1 connect ETIMEDOUT","timestamp":"2023-02-27T04:40:35.288Z"}
{"level":"error","message":"/api/v1/profile_information/1 connect ETIMEDOUT","timestamp":"2023-02-27T04:40:35.292Z"}
{"level":"error","message":"/api/v1/profile_information/1 connect ETIMEDOUT","timestamp":"2023-02-27T04:40:35.293Z"}
{"level":"error","message":"/api/v1/profile_information/1 connect ETIMEDOUT","timestamp":"2023-02-27T04:40:45.315Z"}
{"level":"error","message":"/api/v1/profile_information/1 connect ETIMEDOUT","timestamp":"2023-02-27T05:09:55.430Z"}
{"level":"error","message":"/api/v1/pmt_projects/count connect ETIMEDOUT","timestamp":"2023-02-27T05:09:55.452Z"}
{"level":"error","message":"/api/v1/profile_information/1 connect ETIMEDOUT","timestamp":"2023-02-27T05:10:05.208Z"}
{"level":"error","message":"/api/v1/profile_information/1 connect ETIMEDOUT","timestamp":"2023-02-27T05:18:15.459Z"}
{"level":"error","message":"/api/v1/pmt_projects/count connect ETIMEDOUT","timestamp":"2023-02-27T05:18:15.611Z"}
{"level":"error","message":"/api/v1/profile_information/1 connect ETIMEDOUT","timestamp":"2023-02-27T05:18:21.754Z"}
{"level":"error","message":"/api/v1/profile_information/1 connect ETIMEDOUT","timestamp":"2023-02-27T05:18:21.757Z"}
{"level":"error","message":"/api/v1/profile_information/1 connect ETIMEDOUT","timestamp":"2023-02-27T05:18:25.474Z"}
{"level":"error","message":"/api/v1/profile_information/1 connect ETIMEDOUT","timestamp":"2023-02-27T05:18:25.614Z"}
{"level":"error","message":"/api/v1/profile_information/1 connect ETIMEDOUT","timestamp":"2023-02-27T05:18:25.615Z"}
{"level":"error","message":"/api/v1/profile_information/1 connect ETIMEDOUT","timestamp":"2023-02-27T05:18:31.772Z"}
{"level":"error","message":"/api/v1/profile_information/2 Unknown column 'addEmployeeEmployeeId' in 'field list'","timestamp":"2023-02-27T05:30:25.664Z"}
{"level":"error","message":"/api/v1/profile_information/2 Unknown column 'addEmployeeEmployeeId' in 'field list'","timestamp":"2023-02-27T05:30:25.670Z"}
{"level":"error","message":"/api/v1/profile_information/2 Unknown column 'addEmployeeEmployeeId' in 'field list'","timestamp":"2023-02-27T05:30:25.672Z"}
{"level":"error","message":"/api/v1/profile_information/2 Unknown column 'addEmployeeEmployeeId' in 'field list'","timestamp":"2023-02-27T05:30:25.674Z"}
{"level":"error","message":"/api/v1/profile_information/2 Unknown column 'addEmployeeEmployeeId' in 'field list'","timestamp":"2023-02-27T05:30:25.680Z"}
{"level":"error","message":"/api/v1/profile_information/null Unknown column 'addEmployeeEmployeeId' in 'field list'","timestamp":"2023-02-27T05:30:57.280Z"}
{"level":"error","message":"/api/v1/profile_information/null Unknown column 'addEmployeeEmployeeId' in 'field list'","timestamp":"2023-02-27T05:30:57.282Z"}
{"level":"error","message":"/api/v1/profile_information/null Unknown column 'addEmployeeEmployeeId' in 'field list'","timestamp":"2023-02-27T05:30:57.283Z"}
{"level":"error","message":"/api/v1/profile_information/null Unknown column 'addEmployeeEmployeeId' in 'field list'","timestamp":"2023-02-27T05:30:57.284Z"}
{"level":"error","message":"/api/v1/profile_information/1 Unknown column 'addEmployeeEmployeeId' in 'field list'","timestamp":"2023-02-27T05:31:09.921Z"}
{"level":"error","message":"/api/v1/profile_information/1 Unknown column 'addEmployeeEmployeeId' in 'field list'","timestamp":"2023-02-27T05:31:09.938Z"}
{"level":"error","message":"/api/v1/profile_information/1 Unknown column 'addEmployeeEmployeeId' in 'field list'","timestamp":"2023-02-27T05:31:09.950Z"}
{"level":"error","message":"/api/v1/profile_information/1 Unknown column 'addEmployeeEmployeeId' in 'field list'","timestamp":"2023-02-27T05:31:09.964Z"}
{"level":"error","message":"/api/v1/profile_information/1 Unknown column 'addEmployeeEmployeeId' in 'field list'","timestamp":"2023-02-27T05:31:09.986Z"}
{"level":"error","message":"/api/v1/profile_information/null Unknown column 'addEmployeeEmployeeId' in 'field list'","timestamp":"2023-02-27T05:35:20.330Z"}
{"level":"error","message":"/api/v1/profile_information/null Unknown column 'addEmployeeEmployeeId' in 'field list'","timestamp":"2023-02-27T05:35:20.333Z"}
{"level":"error","message":"/api/v1/profile_information/null Unknown column 'addEmployeeEmployeeId' in 'field list'","timestamp":"2023-02-27T05:35:20.334Z"}
{"level":"error","message":"/api/v1/profile_information/null Unknown column 'addEmployeeEmployeeId' in 'field list'","timestamp":"2023-02-27T05:35:20.335Z"}
{"level":"error","message":"/api/v1/profile_information/1 Unknown column 'addEmployeeEmployeeId' in 'field list'","timestamp":"2023-02-27T05:36:33.413Z"}
{"level":"error","message":"/api/v1/profile_information/1 Unknown column 'addEmployeeEmployeeId' in 'field list'","timestamp":"2023-02-27T05:36:33.434Z"}
{"level":"error","message":"/api/v1/profile_information/1 Unknown column 'addEmployeeEmployeeId' in 'field list'","timestamp":"2023-02-27T05:36:33.447Z"}
{"level":"error","message":"/api/v1/profile_information/1 Unknown column 'addEmployeeEmployeeId' in 'field list'","timestamp":"2023-02-27T05:36:33.455Z"}
{"level":"error","message":"/api/v1/profile_information/1 Unknown column 'addEmployeeEmployeeId' in 'field list'","timestamp":"2023-02-27T05:36:33.463Z"}
{"level":"error","message":"/api/v1/profile_information/1 Unknown column 'addEmployeeEmployeeId' in 'field list'","timestamp":"2023-02-27T05:36:33.470Z"}
{"level":"error","message":"/api/v1/profile_information/1 Unknown column 'addEmployeeEmployeeId' in 'field list'","timestamp":"2023-02-27T05:36:33.479Z"}
{"level":"error","message":"/api/v1/profile_information/1 Unknown column 'addEmployeeEmployeeId' in 'field list'","timestamp":"2023-02-27T05:36:33.492Z"}
{"level":"error","message":"/api/v1/profile_information/1 Unknown column 'addEmployeeEmployeeId' in 'field list'","timestamp":"2023-02-27T05:36:33.503Z"}
{"level":"error","message":"/api/v1/profile_information/1 Unknown column 'addEmployeeEmployeeId' in 'field list'","timestamp":"2023-02-27T05:36:33.547Z"}
{"level":"error","message":"/api/v1/profile_information/1 Unknown column 'addEmployeeEmployeeId' in 'field list'","timestamp":"2023-02-27T05:39:09.374Z"}
{"level":"error","message":"/api/v1/profile_information/1 Unknown column 'addEmployeeEmployeeId' in 'field list'","timestamp":"2023-02-27T05:39:09.380Z"}
{"level":"error","message":"/api/v1/profile_information/1 Unknown column 'addEmployeeEmployeeId' in 'field list'","timestamp":"2023-02-27T05:39:09.395Z"}
{"level":"error","message":"/api/v1/profile_information/1 Unknown column 'addEmployeeEmployeeId' in 'field list'","timestamp":"2023-02-27T05:39:09.413Z"}
{"level":"error","message":"/api/v1/profile_information/1 Unknown column 'addEmployeeEmployeeId' in 'field list'","timestamp":"2023-02-27T05:39:09.426Z"}
{"level":"error","message":"/api/v1/profile_information/1 Unknown column 'addEmployeeEmployeeId' in 'field list'","timestamp":"2023-02-27T05:39:09.440Z"}
{"level":"error","message":"/api/v1/profile_information/1 Unknown column 'addEmployeeEmployeeId' in 'field list'","timestamp":"2023-02-27T05:39:09.453Z"}
{"level":"error","message":"/api/v1/profile_information/1 Unknown column 'addEmployeeEmployeeId' in 'field list'","timestamp":"2023-02-27T05:39:09.456Z"}
{"level":"error","message":"/api/v1/profile_information/1 Unknown column 'addEmployeeEmployeeId' in 'field list'","timestamp":"2023-02-27T05:39:09.466Z"}
{"level":"error","message":"/api/v1/profile_information/1 Unknown column 'addEmployeeEmployeeId' in 'field list'","timestamp":"2023-02-27T05:39:09.475Z"}
{"level":"error","message":"/api/v1/profile_information/1 Unknown column 'addEmployeeEmployeeId' in 'field list'","timestamp":"2023-02-27T05:39:38.983Z"}
{"level":"error","message":"/api/v1/profile_information/1 Unknown column 'addEmployeeEmployeeId' in 'field list'","timestamp":"2023-02-27T05:39:38.985Z"}
{"level":"error","message":"/api/v1/profile_information/1 Unknown column 'addEmployeeEmployeeId' in 'field list'","timestamp":"2023-02-27T05:39:38.987Z"}
{"level":"error","message":"/api/v1/profile_information/1 Unknown column 'addEmployeeEmployeeId' in 'field list'","timestamp":"2023-02-27T05:39:38.990Z"}
{"level":"error","message":"add_employee create Cannot read properties of undefined (reading 'path')","timestamp":"2023-02-27T06:03:18.379Z"}
{"level":"error","message":"add_employee create Cannot read properties of undefined (reading 'path')","timestamp":"2023-02-27T06:06:09.174Z"}
{"level":"error","message":"/api/v1/profile_information/1 Unknown column 'addEmployeeEmployeeId' in 'field list'","timestamp":"2023-02-27T06:09:01.464Z"}
{"level":"error","message":"/api/v1/profile_information/1 Unknown column 'addEmployeeEmployeeId' in 'field list'","timestamp":"2023-02-27T06:09:01.483Z"}
{"level":"error","message":"/api/v1/profile_information/1 Unknown column 'addEmployeeEmployeeId' in 'field list'","timestamp":"2023-02-27T06:09:01.492Z"}
{"level":"error","message":"/api/v1/profile_information/1 Unknown column 'addEmployeeEmployeeId' in 'field list'","timestamp":"2023-02-27T06:09:01.501Z"}
{"level":"error","message":"/api/v1/profile_information/1 Unknown column 'addEmployeeEmployeeId' in 'field list'","timestamp":"2023-02-27T06:09:01.524Z"}
{"level":"error","message":"/api/v1/profile_information/1 Unknown column 'addEmployeeEmployeeId' in 'field list'","timestamp":"2023-02-27T06:09:02.364Z"}
{"level":"error","message":"/api/v1/profile_information/1 Unknown column 'addEmployeeEmployeeId' in 'field list'","timestamp":"2023-02-27T06:09:02.369Z"}
{"level":"error","message":"/api/v1/profile_information/1 Unknown column 'addEmployeeEmployeeId' in 'field list'","timestamp":"2023-02-27T06:09:02.376Z"}
{"level":"error","message":"/api/v1/profile_information/1 Unknown column 'addEmployeeEmployeeId' in 'field list'","timestamp":"2023-02-27T06:09:02.381Z"}
{"level":"error","message":"/api/v1/profile_information/1 Unknown column 'addEmployeeEmployeeId' in 'field list'","timestamp":"2023-02-27T06:09:02.411Z"}
{"level":"error","message":"/api/v1/profile_information/1 Unknown column 'addEmployeeEmployeeId' in 'field list'","timestamp":"2023-02-27T06:09:29.401Z"}
{"level":"error","message":"/api/v1/profile_information/1 Unknown column 'addEmployeeEmployeeId' in 'field list'","timestamp":"2023-02-27T06:09:29.407Z"}
{"level":"error","message":"/api/v1/profile_information/1 Unknown column 'addEmployeeEmployeeId' in 'field list'","timestamp":"2023-02-27T06:09:29.415Z"}
{"level":"error","message":"/api/v1/profile_information/1 Unknown column 'addEmployeeEmployeeId' in 'field list'","timestamp":"2023-02-27T06:09:29.425Z"}
{"level":"error","message":"/api/v1/profile_information/1 Unknown column 'addEmployeeEmployeeId' in 'field list'","timestamp":"2023-02-27T06:09:29.446Z"}
{"level":"error","message":"/api/v1/profile_information/1 Unknown column 'addEmployeeEmployeeId' in 'field list'","timestamp":"2023-02-27T06:09:29.452Z"}
{"level":"error","message":"/api/v1/profile_information/1 Unknown column 'addEmployeeEmployeeId' in 'field list'","timestamp":"2023-02-27T06:09:29.459Z"}
{"level":"error","message":"/api/v1/profile_information/1 Unknown column 'addEmployeeEmployeeId' in 'field list'","timestamp":"2023-02-27T06:09:29.479Z"}
{"level":"error","message":"/api/v1/profile_information/1 Unknown column 'addEmployeeEmployeeId' in 'field list'","timestamp":"2023-02-27T06:09:29.498Z"}
{"level":"error","message":"/api/v1/profile_information/1 Unknown column 'addEmployeeEmployeeId' in 'field list'","timestamp":"2023-02-27T06:09:29.512Z"}
{"level":"error","message":"/api/v1/profile_information/1 Unknown column 'addEmployeeEmployeeId' in 'field list'","timestamp":"2023-02-27T06:15:36.407Z"}
{"level":"error","message":"/api/v1/profile_information/1 Unknown column 'addEmployeeEmployeeId' in 'field list'","timestamp":"2023-02-27T06:15:36.413Z"}
{"level":"error","message":"/api/v1/profile_information/1 Unknown column 'addEmployeeEmployeeId' in 'field list'","timestamp":"2023-02-27T06:15:36.420Z"}
{"level":"error","message":"/api/v1/profile_information/1 Unknown column 'addEmployeeEmployeeId' in 'field list'","timestamp":"2023-02-27T06:15:36.426Z"}
{"level":"error","message":"/api/v1/profile_information/1 Unknown column 'addEmployeeEmployeeId' in 'field list'","timestamp":"2023-02-27T06:15:36.439Z"}
{"level":"error","message":"/api/v1/profile_information/1 Unknown column 'addEmployeeEmployeeId' in 'field list'","timestamp":"2023-02-27T06:15:36.446Z"}
{"level":"error","message":"/api/v1/profile_information/1 Unknown column 'addEmployeeEmployeeId' in 'field list'","timestamp":"2023-02-27T06:15:36.452Z"}
{"level":"error","message":"/api/v1/profile_information/1 Unknown column 'addEmployeeEmployeeId' in 'field list'","timestamp":"2023-02-27T06:15:36.459Z"}
{"level":"error","message":"/api/v1/profile_information/1 Unknown column 'addEmployeeEmployeeId' in 'field list'","timestamp":"2023-02-27T06:15:36.463Z"}
{"level":"error","message":"/api/v1/profile_information/1 Unknown column 'addEmployeeEmployeeId' in 'field list'","timestamp":"2023-02-27T06:15:36.508Z"}
{"level":"error","message":"add_employee create Validation error","timestamp":"2023-02-27T06:23:46.691Z"}
{"level":"error","message":"/api/v1/profile_information/3 Unknown column 'addEmployeeEmployeeId' in 'field list'","timestamp":"2023-02-27T06:24:24.929Z"}
{"level":"error","message":"/api/v1/profile_information/1 Unknown column 'addEmployeeEmployeeId' in 'field list'","timestamp":"2023-02-27T06:36:23.422Z"}
{"level":"error","message":"/api/v1/profile_information/1 Unknown column 'addEmployeeEmployeeId' in 'field list'","timestamp":"2023-02-27T06:36:23.474Z"}
{"level":"error","message":"/api/v1/profile_information/1 Unknown column 'addEmployeeEmployeeId' in 'field list'","timestamp":"2023-02-27T06:36:23.480Z"}
{"level":"error","message":"/api/v1/profile_information/1 Unknown column 'addEmployeeEmployeeId' in 'field list'","timestamp":"2023-02-27T06:36:23.485Z"}
{"level":"error","message":"/api/v1/profile_information/1 Unknown column 'addEmployeeEmployeeId' in 'field list'","timestamp":"2023-02-27T06:36:23.490Z"}
{"level":"error","message":"/api/v1/profile_information/1 Unknown column 'addEmployeeEmployeeId' in 'field list'","timestamp":"2023-02-27T06:41:03.882Z"}
{"level":"error","message":"/api/v1/profile_information/1 Unknown column 'addEmployeeEmployeeId' in 'field list'","timestamp":"2023-02-27T06:41:03.890Z"}
{"level":"error","message":"/api/v1/profile_information/1 Unknown column 'addEmployeeEmployeeId' in 'field list'","timestamp":"2023-02-27T06:41:03.893Z"}
{"level":"error","message":"/api/v1/profile_information/1 Unknown column 'addEmployeeEmployeeId' in 'field list'","timestamp":"2023-02-27T06:41:03.905Z"}
{"level":"error","message":"/api/v1/profile_information/1 Unknown column 'addEmployeeEmployeeId' in 'field list'","timestamp":"2023-02-27T06:41:03.952Z"}
{"level":"error","message":"all leave Invalid status code: 0","timestamp":"2023-02-27T06:41:03.999Z"}
{"level":"error","message":"/api/v1/profile_information/1 Unknown column 'addEmployeeEmployeeId' in 'field list'","timestamp":"2023-02-27T06:53:58.293Z"}
{"level":"error","message":"/api/v1/profile_information/1 Unknown column 'addEmployeeEmployeeId' in 'field list'","timestamp":"2023-02-27T06:53:58.304Z"}
{"level":"error","message":"/api/v1/profile_information/1 Unknown column 'addEmployeeEmployeeId' in 'field list'","timestamp":"2023-02-27T06:53:58.314Z"}
{"level":"error","message":"/api/v1/profile_information/1 Unknown column 'addEmployeeEmployeeId' in 'field list'","timestamp":"2023-02-27T06:53:58.322Z"}
{"level":"error","message":"/api/v1/profile_information/1 Unknown column 'addEmployeeEmployeeId' in 'field list'","timestamp":"2023-02-27T06:53:58.406Z"}
{"level":"error","message":"/api/v1/profile_information/1 Unknown column 'addEmployeeEmployeeId' in 'field list'","timestamp":"2023-02-27T06:54:02.607Z"}
{"level":"error","message":"/api/v1/profile_information/1 Unknown column 'addEmployeeEmployeeId' in 'field list'","timestamp":"2023-02-27T06:54:02.610Z"}
{"level":"error","message":"/api/v1/profile_information/1 Unknown column 'addEmployeeEmployeeId' in 'field list'","timestamp":"2023-02-27T06:54:02.612Z"}
{"level":"error","message":"/api/v1/profile_information/1 Unknown column 'addEmployeeEmployeeId' in 'field list'","timestamp":"2023-02-27T06:54:02.614Z"}
{"level":"error","message":"/api/v1/profile_information/1 Unknown column 'addEmployeeEmployeeId' in 'field list'","timestamp":"2023-02-27T06:55:38.392Z"}
{"level":"error","message":"/api/v1/profile_information/1 Unknown column 'addEmployeeEmployeeId' in 'field list'","timestamp":"2023-02-27T06:55:38.400Z"}
{"level":"error","message":"/api/v1/profile_information/1 Unknown column 'addEmployeeEmployeeId' in 'field list'","timestamp":"2023-02-27T06:55:38.405Z"}
{"level":"error","message":"/api/v1/profile_information/1 Unknown column 'addEmployeeEmployeeId' in 'field list'","timestamp":"2023-02-27T06:55:38.411Z"}
{"level":"error","message":"/api/v1/profile_information/1 Unknown column 'addEmployeeEmployeeId' in 'field list'","timestamp":"2023-02-27T06:55:38.434Z"}
{"level":"error","message":"/api/v1/profile_information/1 Unknown column 'addEmployeeEmployeeId' in 'field list'","timestamp":"2023-02-27T06:55:40.385Z"}
{"level":"error","message":"/api/v1/profile_information/1 Unknown column 'addEmployeeEmployeeId' in 'field list'","timestamp":"2023-02-27T06:55:40.388Z"}
{"level":"error","message":"/api/v1/profile_information/1 Unknown column 'addEmployeeEmployeeId' in 'field list'","timestamp":"2023-02-27T06:55:40.392Z"}
{"level":"error","message":"/api/v1/profile_information/1 Unknown column 'addEmployeeEmployeeId' in 'field list'","timestamp":"2023-02-27T06:55:40.395Z"}
{"level":"error","message":"updateEmployeeInformation Incorrect datetime value: 'Invalid date' for column 'Joining_Date' at row 1","timestamp":"2023-02-27T06:55:50.690Z"}
{"level":"error","message":"updateEmployeeInformation Incorrect datetime value: 'Invalid date' for column 'Joining_Date' at row 1","timestamp":"2023-02-27T06:56:05.102Z"}
{"level":"error","message":"updateEmployeeInformation Incorrect datetime value: 'Invalid date' for column 'Joining_Date' at row 1","timestamp":"2023-02-27T06:59:59.444Z"}
{"level":"error","message":"/api/v1/profile_information/1 Unknown column 'addEmployeeEmployeeId' in 'field list'","timestamp":"2023-02-27T07:00:04.612Z"}
{"level":"error","message":"/api/v1/profile_information/1 Unknown column 'addEmployeeEmployeeId' in 'field list'","timestamp":"2023-02-27T07:00:04.616Z"}
{"level":"error","message":"/api/v1/profile_information/1 Unknown column 'addEmployeeEmployeeId' in 'field list'","timestamp":"2023-02-27T07:00:04.618Z"}
{"level":"error","message":"/api/v1/profile_information/1 Unknown column 'addEmployeeEmployeeId' in 'field list'","timestamp":"2023-02-27T07:00:04.621Z"}
{"level":"error","message":"updateEmployeeInformation Incorrect datetime value: 'Invalid date' for column 'Joining_Date' at row 1","timestamp":"2023-02-27T07:00:22.158Z"}
{"level":"error","message":"/api/v1/profile_information/1 Unknown column 'addEmployeeEmployeeId' in 'field list'","timestamp":"2023-02-27T07:02:36.156Z"}
{"level":"error","message":"/api/v1/profile_information/1 Unknown column 'addEmployeeEmployeeId' in 'field list'","timestamp":"2023-02-27T07:02:36.196Z"}
{"level":"error","message":"/api/v1/profile_information/1 Unknown column 'addEmployeeEmployeeId' in 'field list'","timestamp":"2023-02-27T07:02:36.276Z"}
{"level":"error","message":"/api/v1/profile_information/1 Unknown column 'addEmployeeEmployeeId' in 'field list'","timestamp":"2023-02-27T07:02:36.288Z"}
{"level":"error","message":"/api/v1/profile_information/1 Unknown column 'addEmployeeEmployeeId' in 'field list'","timestamp":"2023-02-27T07:02:36.296Z"}
{"level":"error","message":"/api/v1/profile_information/1 Unknown column 'addEmployeeEmployeeId' in 'field list'","timestamp":"2023-02-27T07:02:42.458Z"}
{"level":"error","message":"/api/v1/profile_information/1 Unknown column 'addEmployeeEmployeeId' in 'field list'","timestamp":"2023-02-27T07:02:42.483Z"}
{"level":"error","message":"/api/v1/profile_information/1 Unknown column 'addEmployeeEmployeeId' in 'field list'","timestamp":"2023-02-27T07:02:42.494Z"}
{"level":"error","message":"/api/v1/profile_information/1 Unknown column 'addEmployeeEmployeeId' in 'field list'","timestamp":"2023-02-27T07:02:42.514Z"}
{"level":"error","message":"updateEmployeeInformation Incorrect datetime value: 'Invalid date' for column 'Joining_Date' at row 1","timestamp":"2023-02-27T07:02:55.711Z"}
{"level":"error","message":"/api/v1/profile_information/1 Unknown column 'addEmployeeEmployeeId' in 'field list'","timestamp":"2023-02-27T07:21:54.549Z"}
{"level":"error","message":"/api/v1/profile_information/1 Unknown column 'addEmployeeEmployeeId' in 'field list'","timestamp":"2023-02-27T07:21:54.562Z"}
{"level":"error","message":"/api/v1/profile_information/1 Unknown column 'addEmployeeEmployeeId' in 'field list'","timestamp":"2023-02-27T07:21:54.579Z"}
{"level":"error","message":"/api/v1/profile_information/1 Unknown column 'addEmployeeEmployeeId' in 'field list'","timestamp":"2023-02-27T07:21:54.600Z"}
{"level":"error","message":"/api/v1/profile_information/1 Unknown column 'addEmployeeEmployeeId' in 'field list'","timestamp":"2023-02-27T07:21:54.612Z"}
{"level":"error","message":"/api/v1/profile_information/1 Unknown column 'addEmployeeEmployeeId' in 'field list'","timestamp":"2023-02-27T07:24:27.379Z"}
{"level":"error","message":"/api/v1/profile_information/1 Unknown column 'addEmployeeEmployeeId' in 'field list'","timestamp":"2023-02-27T07:24:27.386Z"}
{"level":"error","message":"/api/v1/profile_information/1 Unknown column 'addEmployeeEmployeeId' in 'field list'","timestamp":"2023-02-27T07:24:27.393Z"}
{"level":"error","message":"/api/v1/profile_information/1 Unknown column 'addEmployeeEmployeeId' in 'field list'","timestamp":"2023-02-27T07:24:27.399Z"}
{"level":"error","message":"/api/v1/profile_information/1 Unknown column 'addEmployeeEmployeeId' in 'field list'","timestamp":"2023-02-27T07:24:27.459Z"}
{"level":"error","message":"/api/v1/profile_information/1 Unknown column 'addEmployeeEmployeeId' in 'field list'","timestamp":"2023-02-27T07:24:33.665Z"}
{"level":"error","message":"/api/v1/profile_information/1 Unknown column 'addEmployeeEmployeeId' in 'field list'","timestamp":"2023-02-27T07:24:33.669Z"}
{"level":"error","message":"/api/v1/profile_information/1 Unknown column 'addEmployeeEmployeeId' in 'field list'","timestamp":"2023-02-27T07:24:33.670Z"}
{"level":"error","message":"/api/v1/profile_information/1 Unknown column 'addEmployeeEmployeeId' in 'field list'","timestamp":"2023-02-27T07:24:33.673Z"}
{"level":"error","message":"add_employee create Incorrect datetime value: 'Invalid date' for column 'Joining_Date' at row 1","timestamp":"2023-02-27T07:25:38.059Z"}
{"level":"error","message":"add_employee create Incorrect datetime value: 'Invalid date' for column 'Joining_Date' at row 1","timestamp":"2023-02-27T07:25:52.266Z"}
{"level":"error","message":"/api/v1/profile_information/1 Unknown column 'addEmployeeEmployeeId' in 'field list'","timestamp":"2023-02-27T07:27:43.640Z"}
{"level":"error","message":"/api/v1/profile_information/1 Unknown column 'addEmployeeEmployeeId' in 'field list'","timestamp":"2023-02-27T07:27:43.649Z"}
{"level":"error","message":"/api/v1/profile_information/1 Unknown column 'addEmployeeEmployeeId' in 'field list'","timestamp":"2023-02-27T07:27:43.661Z"}
{"level":"error","message":"/api/v1/profile_information/1 Unknown column 'addEmployeeEmployeeId' in 'field list'","timestamp":"2023-02-27T07:27:43.668Z"}
{"level":"error","message":"/api/v1/profile_information/1 Unknown column 'addEmployeeEmployeeId' in 'field list'","timestamp":"2023-02-27T07:27:43.682Z"}
{"level":"error","message":"/api/v1/profile_information/1 Unknown column 'addEmployeeEmployeeId' in 'field list'","timestamp":"2023-02-27T07:27:52.992Z"}
{"level":"error","message":"/api/v1/profile_information/1 Unknown column 'addEmployeeEmployeeId' in 'field list'","timestamp":"2023-02-27T07:27:52.999Z"}
{"level":"error","message":"/api/v1/profile_information/1 Unknown column 'addEmployeeEmployeeId' in 'field list'","timestamp":"2023-02-27T07:27:53.000Z"}
{"level":"error","message":"/api/v1/profile_information/1 Unknown column 'addEmployeeEmployeeId' in 'field list'","timestamp":"2023-02-27T07:27:53.002Z"}
{"level":"error","message":"updateEmployeeInformation Incorrect datetime value: 'Invalid date' for column 'Joining_Date' at row 1","timestamp":"2023-02-27T07:29:13.475Z"}
{"level":"error","message":"updateEmployeeInformation Incorrect datetime value: 'Invalid date' for column 'Joining_Date' at row 1","timestamp":"2023-02-27T07:29:36.769Z"}
{"level":"error","message":"/api/v1/profile_information/1 Unknown column 'addEmployeeEmployeeId' in 'field list'","timestamp":"2023-02-27T07:29:41.505Z"}
{"level":"error","message":"/api/v1/profile_information/1 Unknown column 'addEmployeeEmployeeId' in 'field list'","timestamp":"2023-02-27T07:29:41.507Z"}
{"level":"error","message":"/api/v1/profile_information/1 Unknown column 'addEmployeeEmployeeId' in 'field list'","timestamp":"2023-02-27T07:29:41.519Z"}
{"level":"error","message":"/api/v1/profile_information/1 Unknown column 'addEmployeeEmployeeId' in 'field list'","timestamp":"2023-02-27T07:29:41.557Z"}
{"level":"error","message":"updateEmployeeInformation Incorrect datetime value: 'Invalid date' for column 'Joining_Date' at row 1","timestamp":"2023-02-27T07:29:49.256Z"}
{"level":"error","message":"updateEmployeeInformation Incorrect datetime value: 'Invalid date' for column 'Joining_Date' at row 1","timestamp":"2023-02-27T07:30:02.137Z"}
{"level":"error","message":"/api/v1/profile_information/1 Unknown column 'addEmployeeEmployeeId' in 'field list'","timestamp":"2023-02-27T07:30:39.379Z"}
{"level":"error","message":"/api/v1/profile_information/1 Unknown column 'addEmployeeEmployeeId' in 'field list'","timestamp":"2023-02-27T07:30:39.385Z"}
{"level":"error","message":"/api/v1/profile_information/1 Unknown column 'addEmployeeEmployeeId' in 'field list'","timestamp":"2023-02-27T07:30:39.392Z"}
{"level":"error","message":"/api/v1/profile_information/1 Unknown column 'addEmployeeEmployeeId' in 'field list'","timestamp":"2023-02-27T07:30:39.397Z"}
{"level":"error","message":"/api/v1/profile_information/1 Unknown column 'addEmployeeEmployeeId' in 'field list'","timestamp":"2023-02-27T07:30:39.445Z"}
{"level":"error","message":"/api/v1/profile_information/1 Unknown column 'addEmployeeEmployeeId' in 'field list'","timestamp":"2023-02-27T07:31:00.425Z"}
{"level":"error","message":"/api/v1/profile_information/1 Unknown column 'addEmployeeEmployeeId' in 'field list'","timestamp":"2023-02-27T07:31:00.430Z"}
{"level":"error","message":"/api/v1/profile_information/1 Unknown column 'addEmployeeEmployeeId' in 'field list'","timestamp":"2023-02-27T07:31:00.439Z"}
{"level":"error","message":"/api/v1/profile_information/1 Unknown column 'addEmployeeEmployeeId' in 'field list'","timestamp":"2023-02-27T07:31:00.466Z"}
{"level":"error","message":"/api/v1/profile_information/1 Unknown column 'addEmployeeEmployeeId' in 'field list'","timestamp":"2023-02-27T07:31:00.473Z"}
{"level":"error","message":"/api/v1/profile_information/1 Unknown column 'addEmployeeEmployeeId' in 'field list'","timestamp":"2023-02-27T07:31:10.811Z"}
{"level":"error","message":"/api/v1/profile_information/1 Unknown column 'addEmployeeEmployeeId' in 'field list'","timestamp":"2023-02-27T07:31:10.816Z"}
{"level":"error","message":"/api/v1/profile_information/1 Unknown column 'addEmployeeEmployeeId' in 'field list'","timestamp":"2023-02-27T07:31:10.818Z"}
{"level":"error","message":"/api/v1/profile_information/1 Unknown column 'addEmployeeEmployeeId' in 'field list'","timestamp":"2023-02-27T07:31:10.819Z"}
{"level":"error","message":"updateEmployeeInformation Validation error","timestamp":"2023-02-27T07:31:41.835Z"}
{"level":"error","message":"updateEmployeeInformation Validation error","timestamp":"2023-02-27T07:31:56.928Z"}
{"level":"error","message":"/api/v1/profile_information/1 Unknown column 'addEmployeeEmployeeId' in 'field list'","timestamp":"2023-02-27T07:33:13.399Z"}
{"level":"error","message":"/api/v1/profile_information/1 Unknown column 'addEmployeeEmployeeId' in 'field list'","timestamp":"2023-02-27T07:33:13.405Z"}
{"level":"error","message":"/api/v1/profile_information/1 Unknown column 'addEmployeeEmployeeId' in 'field list'","timestamp":"2023-02-27T07:33:13.410Z"}
{"level":"error","message":"/api/v1/profile_information/1 Unknown column 'addEmployeeEmployeeId' in 'field list'","timestamp":"2023-02-27T07:33:13.420Z"}
{"level":"error","message":"/api/v1/profile_information/1 Unknown column 'addEmployeeEmployeeId' in 'field list'","timestamp":"2023-02-27T07:33:13.428Z"}
{"level":"error","message":"all leave Invalid status code: 0","timestamp":"2023-02-28T04:55:54.540Z"}
{"level":"error","message":"all leave Invalid status code: 0","timestamp":"2023-02-28T05:00:06.778Z"}
{"level":"error","message":"add_employee create Validation error","timestamp":"2023-03-06T05:11:15.409Z"}
{"level":"error","message":"add_employee create Validation error","timestamp":"2023-03-05T05:18:08.555Z"}
{"level":"error","message":"add_employee create Validation error","timestamp":"2023-03-05T06:38:49.900Z"}
{"level":"error","message":"add_employee create Validation error","timestamp":"2023-03-05T11:25:13.555Z"}
{"level":"error","message":"add_employee create Incorrect integer value: 'E-044' for column 'User_ID' at row 1","timestamp":"2023-03-05T11:27:54.048Z"}
{"level":"error","message":"add_employee create Data truncated for column 'User_ID' at row 1","timestamp":"2023-03-05T11:28:23.920Z"}
{"level":"error","message":"add_employee create Validation error","timestamp":"2023-03-05T11:29:21.464Z"}
{"level":"error","message":"/api/v1/categories notNull Violation: categories.Category_Id cannot be null,\nnotNull Violation: categories.Category_Name cannot be null,\nnotNull Violation: categories.Sub_Category cannot be null,\nnotNull Violation: categories.Status cannot be null","timestamp":"2023-03-05T11:40:22.406Z"}
{"level":"error","message":"getAllCategories connect ETIMEDOUT","timestamp":"2023-03-06T05:01:08.986Z"}
{"level":"error","message":"getAllCategories connect ETIMEDOUT","timestamp":"2023-03-06T05:01:36.974Z"}
{"level":"error","message":"getAllCategories connect ETIMEDOUT","timestamp":"2023-03-06T05:01:46.991Z"}
{"level":"error","message":"getAllCategories connect ETIMEDOUT","timestamp":"2023-03-06T05:01:53.003Z"}
{"level":"error","message":"getAllCategories connect ETIMEDOUT","timestamp":"2023-03-06T05:01:53.970Z"}
{"level":"error","message":"getAllCategories connect ETIMEDOUT","timestamp":"2023-03-06T05:02:17.984Z"}
{"level":"error","message":"getAllCategories connect ETIMEDOUT","timestamp":"2023-03-06T05:02:36.968Z"}
{"level":"error","message":"getAllCategories connect ETIMEDOUT","timestamp":"2023-03-06T05:02:46.977Z"}
{"level":"error","message":"getAllCategories connect ETIMEDOUT","timestamp":"2023-03-06T05:02:49.980Z"}
{"level":"error","message":"getAllCategories connect ETIMEDOUT","timestamp":"2023-03-06T05:02:50.981Z"}
{"level":"error","message":"getAllCategories connect ETIMEDOUT","timestamp":"2023-03-06T05:02:56.989Z"}
{"level":"error","message":"/api/v1/categories/ notNull Violation: categories.Category_Id cannot be null","timestamp":"2023-03-06T05:06:46.799Z"}
{"level":"error","message":"/api/v1/categories/ notNull Violation: categories.Category_Id cannot be null","timestamp":"2023-03-06T05:06:56.255Z"}
{"level":"error","message":"/api/v1/categories/ categories.create is not a function","timestamp":"2023-03-06T11:53:15.649Z"}
{"level":"error","message":"/api/v1/categories/ categories.create is not a function","timestamp":"2023-03-06T11:53:23.409Z"}
{"level":"error","message":"/api/v1/profile_information/1 Too many connections","timestamp":"2023-03-09T07:52:51.537Z"}
{"level":"error","message":"/api/v1/profile_information/2 Too many connections","timestamp":"2023-03-09T07:52:51.561Z"}
{"level":"error","message":"/api/v1/salary Too many connections","timestamp":"2023-03-09T07:52:51.599Z"}
{"level":"error","message":"ProjectCount Too many connections","timestamp":"2023-03-09T07:52:51.703Z"}
{"level":"error","message":"clientCount Too many connections","timestamp":"2023-03-09T07:52:51.721Z"}
{"level":"error","message":"/api/v1/profile_information/2 Too many connections","timestamp":"2023-03-09T07:53:16.806Z"}
{"level":"error","message":"createEmployeeSalary Employee_Id is not defined","timestamp":"2023-03-09T08:10:15.776Z"}
{"level":"error","message":"createEmployeeSalary Employee_Id is not defined","timestamp":"2023-03-09T08:11:42.719Z"}
{"level":"error","message":"createEmployeeSalary Employee_Id is not defined","timestamp":"2023-03-09T08:13:12.587Z"}
{"level":"error","message":"createEmployeeSalary Employee_Id is not defined","timestamp":"2023-03-09T08:14:12.600Z"}
{"level":"error","message":"createEmployeeSalary Employee_Id is not defined","timestamp":"2023-03-09T08:14:15.116Z"}
{"level":"error","message":"createEmployeeSalary Employee_Id is not defined","timestamp":"2023-03-09T08:14:16.651Z"}
{"level":"error","message":"createEmployeeSalary Employee_Id is not defined","timestamp":"2023-03-09T08:14:17.361Z"}
{"level":"error","message":"createEmployeeSalary Employee_Id is not defined","timestamp":"2023-03-09T08:14:17.691Z"}
{"level":"error","message":"createEmployeeSalary Employee_Id is not defined","timestamp":"2023-03-09T08:14:43.708Z"}
{"level":"error","message":"createEmployeeSalary Employee_Id is not defined","timestamp":"2023-03-09T08:14:44.355Z"}
{"level":"error","message":"createEmployeeSalary Employee_Id is not defined","timestamp":"2023-03-09T08:14:44.557Z"}
{"level":"error","message":"createEmployeeSalary Employee_Id is not defined","timestamp":"2023-03-09T08:14:44.772Z"}
{"level":"error","message":"createEmployeeSalary Employee_Id is not defined","timestamp":"2023-03-09T08:14:45.147Z"}
{"level":"error","message":"createEmployeeSalary Employee_Id is not defined","timestamp":"2023-03-09T08:14:45.384Z"}
{"level":"error","message":"createEmployeeSalary Employee_Id is not defined","timestamp":"2023-03-09T08:14:45.595Z"}
{"level":"error","message":"createEmployeeSalary Employee_Id is not defined","timestamp":"2023-03-09T08:14:45.840Z"}
{"level":"error","message":"createEmployeeSalary Employee_Id is not defined","timestamp":"2023-03-09T08:14:46.070Z"}
{"level":"error","message":"createEmployeeSalary Employee_Id is not defined","timestamp":"2023-03-09T08:14:46.274Z"}
{"level":"error","message":"createEmployeeSalary Employee_Id is not defined","timestamp":"2023-03-09T08:14:46.617Z"}
{"level":"error","message":"createEmployeeSalary Employee_Id is not defined","timestamp":"2023-03-09T08:14:47.048Z"}
{"level":"error","message":"createEmployeeSalary Employee_Id is not defined","timestamp":"2023-03-09T08:14:47.529Z"}
{"level":"error","message":"createEmployeeSalary Employee_Id is not defined","timestamp":"2023-03-09T08:15:07.308Z"}
{"level":"error","message":"createEmployeeSalary Employee_Id is not defined","timestamp":"2023-03-09T08:15:07.994Z"}
{"level":"error","message":"createEmployeeSalary Employee_Id is not defined","timestamp":"2023-03-09T08:15:08.222Z"}
{"level":"error","message":"createEmployeeSalary Employee_Id is not defined","timestamp":"2023-03-09T08:15:08.454Z"}
{"level":"error","message":"createEmployeeSalary Employee_Id is not defined","timestamp":"2023-03-09T08:15:08.757Z"}
{"level":"error","message":"createEmployeeSalary Employee_Id is not defined","timestamp":"2023-03-09T08:15:08.957Z"}
{"level":"error","message":"createEmployeeSalary Employee_Id is not defined","timestamp":"2023-03-09T08:15:09.158Z"}
{"level":"error","message":"createEmployeeSalary Employee_Id is not defined","timestamp":"2023-03-09T08:15:09.705Z"}
{"level":"error","message":"createEmployeeSalary Employee_Id is not defined","timestamp":"2023-03-09T08:15:10.011Z"}
{"level":"error","message":"createEmployeeSalary Employee_Id is not defined","timestamp":"2023-03-09T08:15:10.243Z"}
{"level":"error","message":"createEmployeeSalary Employee_Id is not defined","timestamp":"2023-03-09T08:15:10.766Z"}
{"level":"error","message":"createEmployeeSalary Employee_Id is not defined","timestamp":"2023-03-09T08:15:11.368Z"}
{"level":"error","message":"createEmployeeSalary Employee_Id is not defined","timestamp":"2023-03-09T08:15:11.790Z"}
{"level":"error","message":"createEmployeeSalary Employee_Id is not defined","timestamp":"2023-03-09T08:15:49.595Z"}
{"level":"error","message":"createEmployeeSalary Employee_Id is not defined","timestamp":"2023-03-09T08:16:43.378Z"}
{"level":"error","message":"createEmployeeSalary Employee_Id is not defined","timestamp":"2023-03-09T08:17:04.669Z"}
{"level":"error","message":"createEmployeeSalary Employee_Id is not defined","timestamp":"2023-03-09T08:18:45.669Z"}
{"level":"error","message":"createEmployeeSalary Employee_Id is not defined","timestamp":"2023-03-09T08:19:29.477Z"}
{"level":"error","message":"createEmployeeSalary Employee_Id is not defined","timestamp":"2023-03-09T08:19:31.030Z"}
{"level":"error","message":"createEmployeeSalary Employee_Id is not defined","timestamp":"2023-03-09T08:20:00.014Z"}
{"level":"error","message":"createEmployeeSalary Employee_Id is not defined","timestamp":"2023-03-09T08:20:16.792Z"}
{"level":"error","message":"createEmployeeSalary Employee_Id is not defined","timestamp":"2023-03-09T08:20:40.795Z"}
{"level":"error","message":"createEmployeeSalary Employee_Id is not defined","timestamp":"2023-03-09T08:20:41.595Z"}
{"level":"error","message":"createEmployeeSalary Employee_Id is not defined","timestamp":"2023-03-09T08:20:41.779Z"}
{"level":"error","message":"createEmployeeSalary Employee_Id is not defined","timestamp":"2023-03-09T08:20:41.985Z"}
{"level":"error","message":"/api/v1/profile_information/2 Access denied for user 'sql12602750'@'61.247.187.246' (using password: YES)","timestamp":"2023-03-11T04:51:04.840Z"}
{"level":"error","message":"ProjectCount Access denied for user 'sql12602750'@'61.247.187.246' (using password: YES)","timestamp":"2023-03-11T04:51:04.844Z"}
{"level":"error","message":"/api/v1/profile_information/2 Access denied for user 'sql12602750'@'61.247.187.246' (using password: YES)","timestamp":"2023-03-11T04:51:05.009Z"}
{"level":"error","message":"clientCount Access denied for user 'sql12602750'@'61.247.187.246' (using password: YES)","timestamp":"2023-03-11T04:51:05.010Z"}
{"level":"error","message":"/api/v1/profile_information/2 Access denied for user 'sql12602750'@'61.247.187.246' (using password: YES)","timestamp":"2023-03-11T04:51:05.161Z"}
{"level":"error","message":"/api/v1/profile_information/2 Access denied for user 'sql12602750'@'61.247.187.246' (using password: YES)","timestamp":"2023-03-11T04:51:05.321Z"}
{"level":"error","message":"/api/v1/profile_information/2 Access denied for user 'sql12602750'@'61.247.187.246' (using password: YES)","timestamp":"2023-03-11T04:51:05.482Z"}
{"level":"error","message":"/api/v1/user/signup notNull Violation: usertbls.User_Name cannot be null","timestamp":"2023-03-11T05:01:04.250Z"}
{"level":"error","message":"add_employee create Incorrect integer value: 'e2' for column 'User_ID' at row 1","timestamp":"2023-03-14T09:23:19.042Z"}
{"level":"error","message":"add_employee create Incorrect integer value: 'e3' for column 'User_ID' at row 1","timestamp":"2023-03-14T09:35:47.865Z"}
{"level":"error","message":"all leave Table 'TEST_MOSTOFA.Leaves' doesn't exist","timestamp":"2023-03-17T17:15:39.580Z"}
{"level":"error","message":"all leave Table 'TEST_MOSTOFA.Leaves' doesn't exist","timestamp":"2023-03-18T03:24:41.463Z"}
{"level":"error","message":"all leave Table 'TEST_MOSTOFA.Leaves' doesn't exist","timestamp":"2023-03-18T04:13:49.330Z"}
{"level":"error","message":"all leave Table 'TEST_MOSTOFA.Leaves' doesn't exist","timestamp":"2023-03-18T04:40:19.325Z"}
{"level":"error","message":"add_employee create Validation error","timestamp":"2023-03-18T04:54:54.763Z"}
{"level":"error","message":"all leave Table 'TEST_MOSTOFA.Leaves' doesn't exist","timestamp":"2023-03-18T04:59:45.773Z"}
{"level":"error","message":"all leave Table 'TEST_MOSTOFA.Leaves' doesn't exist","timestamp":"2023-03-18T07:28:39.800Z"}
{"level":"error","message":"all leave Table 'TEST_MOSTOFA.Leaves' doesn't exist","timestamp":"2023-03-18T08:13:01.376Z"}
{"level":"error","message":"all leave Table 'TEST_MOSTOFA.Leaves' doesn't exist","timestamp":"2023-03-19T04:56:43.814Z"}
{"level":"error","message":"all leave Table 'TEST_MOSTOFA.Leaves' doesn't exist","timestamp":"2023-03-19T05:20:39.756Z"}
{"level":"error","message":"all leave Table 'TEST_MOSTOFA.Leaves' doesn't exist","timestamp":"2023-03-20T11:33:05.053Z"}
{"level":"error","message":"all leave Table 'TEST_MOSTOFA.Leaves' doesn't exist","timestamp":"2023-03-20T11:35:39.418Z"}
{"level":"error","message":"add_employee create Validation error","timestamp":"2023-03-20T11:53:31.501Z"}
{"level":"error","message":"all leave Table 'TEST_MOSTOFA.Leaves' doesn't exist","timestamp":"2023-03-20T11:55:43.729Z"}
{"level":"error","message":"all leave Table 'TEST_MOSTOFA.Leaves' doesn't exist","timestamp":"2023-03-20T13:11:45.589Z"}
{"level":"error","message":"all leave Table 'TEST_MOSTOFA.Leaves' doesn't exist","timestamp":"2023-03-20T13:57:43.910Z"}
{"level":"error","message":"all leave Table 'TEST_MOSTOFA.Leaves' doesn't exist","timestamp":"2023-03-20T13:58:40.078Z"}
{"level":"error","message":"all leave Table 'TEST_MOSTOFA.Leaves' doesn't exist","timestamp":"2023-03-20T13:58:43.674Z"}
{"level":"error","message":"clientInsert Validation error","timestamp":"2023-03-20T13:59:38.235Z"}
{"level":"error","message":"clientInsert Validation error","timestamp":"2023-03-20T14:00:10.676Z"}
{"level":"error","message":"clientInsert Validation error","timestamp":"2023-03-20T14:21:40.642Z"}
{"level":"error","message":"clientInsert Validation error","timestamp":"2023-03-20T14:24:45.837Z"}
{"level":"error","message":"add_employee create Validation error","timestamp":"2023-03-20T14:32:30.771Z"}
{"level":"error","message":"all leave Table 'TEST_MOSTOFA.Leaves' doesn't exist","timestamp":"2023-03-21T04:55:49.672Z"}
{"level":"error","message":"add_employee create Validation error","timestamp":"2023-03-21T04:58:07.431Z"}
{"level":"error","message":"add_employee create Validation error","timestamp":"2023-03-21T05:03:49.039Z"}
{"level":"error","message":"all leave Table 'TEST_MOSTOFA.Leaves' doesn't exist","timestamp":"2023-03-21T05:06:18.855Z"}
{"level":"error","message":"add_employee create Validation error","timestamp":"2023-03-21T05:09:54.423Z"}
{"level":"error","message":"add_employee create Validation error","timestamp":"2023-03-21T05:10:23.919Z"}
{"level":"error","message":"all leave Table 'TEST_MOSTOFA.Leaves' doesn't exist","timestamp":"2023-03-21T05:21:20.138Z"}
<<<<<<< HEAD
{"level":"error","message":"/api/v1/user/signup findOne is not defined","timestamp":"2023-03-27T06:49:40.485Z"}
{"level":"error","message":"/api/v1/user/signup findOne is not defined","timestamp":"2023-03-27T06:51:09.140Z"}
{"level":"error","message":"/api/v1/user/signup findOne is not defined","timestamp":"2023-03-27T06:51:59.305Z"}
{"level":"error","message":"/api/v1/user/signup notNull Violation: usertbls.User_ID cannot be null","timestamp":"2023-03-27T06:55:48.983Z"}
{"level":"error","message":"/api/v1/user/signup notNull Violation: usertbls.User_ID cannot be null","timestamp":"2023-03-27T06:55:50.840Z"}
{"level":"error","message":"/api/v1/user/signup notNull Violation: usertbls.User_ID cannot be null","timestamp":"2023-03-27T06:55:51.866Z"}
{"level":"error","message":"/api/v1/user/signup Field 'User_ID' doesn't have a default value","timestamp":"2023-03-27T06:57:51.670Z"}
{"level":"error","message":"/api/v1/user/signup findOne is not defined","timestamp":"2023-03-27T07:45:17.872Z"}
{"level":"error","message":"/api/v1/user/signup WHERE parameter \"User_ID\" has invalid \"undefined\" value","timestamp":"2023-03-27T07:45:50.582Z"}
{"level":"error","message":"/api/v1/user/signup WHERE parameter \"User_Id\" has invalid \"undefined\" value","timestamp":"2023-03-27T07:46:30.021Z"}
{"level":"error","message":"/api/v1/user/signup Validation error","timestamp":"2023-03-27T07:47:46.279Z"}
{"level":"error","message":"/api/v1/user/signup Validation error","timestamp":"2023-03-27T07:51:02.713Z"}
{"level":"error","message":"/api/v1/user/signup Cannot read properties of null (reading 'User_Email')","timestamp":"2023-03-27T07:53:50.714Z"}
{"level":"error","message":"/api/v1/user/signup Cannot read properties of null (reading 'User_Email')","timestamp":"2023-03-27T07:54:21.608Z"}
{"level":"error","message":"/api/v1/user/signup Cannot read properties of null (reading 'User_Email')","timestamp":"2023-03-27T07:54:36.295Z"}
{"level":"error","message":"/api/v1/user/signup Cannot read properties of null (reading 'User_Email')","timestamp":"2023-03-27T07:54:52.221Z"}
{"level":"error","message":"/api/v1/user/signup Cannot read properties of null (reading 'User_Email')","timestamp":"2023-03-27T07:55:23.716Z"}
{"level":"error","message":"/api/v1/user/signup Validation error","timestamp":"2023-03-27T07:55:34.626Z"}
{"level":"error","message":"/api/v1/user/signup Cannot read properties of null (reading 'User_Email')","timestamp":"2023-03-27T07:55:41.539Z"}
{"level":"error","message":"/api/v1/user/signup Cannot read properties of null (reading 'User_Email')","timestamp":"2023-03-27T07:56:03.019Z"}
{"level":"error","message":"/api/v1/user/signup Validation error","timestamp":"2023-03-27T07:56:12.572Z"}
{"level":"error","message":"/api/v1/user/signup Cannot read properties of null (reading 'User_Email')","timestamp":"2023-03-27T07:57:59.154Z"}
{"level":"error","message":"/api/v1/user/signup Cannot read properties of null (reading 'User_Email')","timestamp":"2023-03-27T07:59:45.378Z"}
{"level":"error","message":"/api/v1/user/signup User_Email is not defined","timestamp":"2023-03-27T08:05:04.052Z"}
{"level":"error","message":"/api/v1/user/signup User_Email is not defined","timestamp":"2023-03-27T08:05:26.345Z"}
{"level":"error","message":"/api/v1/user/signup User_Email is not defined","timestamp":"2023-03-27T08:05:45.195Z"}
{"level":"error","message":"/api/v1/user/signup User_Email is not defined","timestamp":"2023-03-27T08:05:46.643Z"}
=======
{"level":"error","message":"/api/v1/profile_information/2 Access denied for user 'pmt'@'DESKTOP-E85D17B' (using password: YES)","timestamp":"2023-03-21T06:27:24.421Z"}
{"level":"error","message":"/api/v1/profile_information/2 Access denied for user 'pmt'@'DESKTOP-E85D17B' (using password: YES)","timestamp":"2023-03-21T06:27:24.425Z"}
{"level":"error","message":"/api/v1/profile_information/2 Access denied for user 'pmt'@'DESKTOP-E85D17B' (using password: YES)","timestamp":"2023-03-21T06:27:24.427Z"}
{"level":"error","message":"/api/v1/profile_information/2 Access denied for user 'pmt'@'DESKTOP-E85D17B' (using password: YES)","timestamp":"2023-03-21T06:27:24.429Z"}
{"level":"error","message":"/api/v1/profile_information/2 Access denied for user 'pmt'@'DESKTOP-E85D17B' (using password: YES)","timestamp":"2023-03-21T06:27:24.513Z"}
{"level":"error","message":"ProjectCount Access denied for user 'pmt'@'DESKTOP-E85D17B' (using password: YES)","timestamp":"2023-03-21T06:27:24.517Z"}
{"level":"error","message":"clientCount Access denied for user 'pmt'@'DESKTOP-E85D17B' (using password: YES)","timestamp":"2023-03-21T06:27:24.518Z"}
{"level":"error","message":"/api/v1/profile_information/null Access denied for user 'pmt'@'DESKTOP-E85D17B' (using password: YES)","timestamp":"2023-03-21T06:27:54.111Z"}
{"level":"error","message":"/api/v1/profile_information/null Access denied for user 'pmt'@'DESKTOP-E85D17B' (using password: YES)","timestamp":"2023-03-21T06:27:54.132Z"}
{"level":"error","message":"/api/v1/profile_information/null Access denied for user 'pmt'@'DESKTOP-E85D17B' (using password: YES)","timestamp":"2023-03-21T06:27:54.158Z"}
{"level":"error","message":"/api/v1/profile_information/null Access denied for user 'pmt'@'DESKTOP-E85D17B' (using password: YES)","timestamp":"2023-03-21T06:27:54.177Z"}
{"level":"error","message":"Access denied for user 'pmt'@'DESKTOP-E85D17B' (using password: YES)","timestamp":"2023-03-21T06:28:06.555Z"}
{"level":"error","message":"Access denied for user 'pmt'@'DESKTOP-E85D17B' (using password: YES)","timestamp":"2023-03-21T06:28:13.931Z"}
{"level":"error","message":"Access denied for user 'pmt'@'DESKTOP-E85D17B' (using password: YES)","timestamp":"2023-03-21T06:28:40.955Z"}
{"level":"error","message":"Access denied for user 'pmt'@'DESKTOP-E85D17B' (using password: YES)","timestamp":"2023-03-21T06:28:55.606Z"}
{"level":"error","message":"Access denied for user 'pmt'@'DESKTOP-E85D17B' (using password: YES)","timestamp":"2023-03-21T06:29:42.087Z"}
{"level":"error","message":"Access denied for user 'pmt'@'DESKTOP-E85D17B' (using password: YES)","timestamp":"2023-03-21T06:30:03.642Z"}
{"level":"error","message":"Access denied for user 'pmt'@'DESKTOP-E85D17B' (using password: YES)","timestamp":"2023-03-21T06:30:23.482Z"}
{"level":"error","message":"clientInsert Cannot read property 'path' of undefined","timestamp":"2023-03-21T09:29:53.116Z"}
{"level":"error","message":"add_employee create Incorrect integer value: 'E-1' for column 'User_ID' at row 1","timestamp":"2023-03-21T09:45:09.467Z"}
{"level":"error","message":"/api/v1/profile_information/2 Cannot read property 'path' of undefined","timestamp":"2023-03-21T10:06:00.901Z"}
{"level":"error","message":"all leave connect EHOSTUNREACH 192.168.0.115:3306","timestamp":"2023-03-22T05:03:59.945Z"}
{"level":"error","message":"all leave connect EHOSTUNREACH 192.168.0.115:3306","timestamp":"2023-03-22T05:03:59.988Z"}
{"level":"error","message":"all leave connect EHOSTUNREACH 192.168.0.115:3306","timestamp":"2023-03-22T05:04:05.335Z"}
{"level":"error","message":"all leave connect EHOSTUNREACH 192.168.0.115:3306","timestamp":"2023-03-22T05:04:05.356Z"}
{"level":"error","message":"/api/v1/profile_information/E-2 connect EHOSTUNREACH 192.168.0.115:3306","timestamp":"2023-03-22T05:04:07.695Z"}
{"level":"error","message":"/api/v1/profile_information/E-2 connect EHOSTUNREACH 192.168.0.115:3306","timestamp":"2023-03-22T05:04:07.701Z"}
{"level":"error","message":"/api/v1/profile_information/E-2 connect EHOSTUNREACH 192.168.0.115:3306","timestamp":"2023-03-22T05:04:07.707Z"}
{"level":"error","message":"/api/v1/profile_information/E-2 connect EHOSTUNREACH 192.168.0.115:3306","timestamp":"2023-03-22T05:04:07.717Z"}
{"level":"error","message":"all leave connect EHOSTUNREACH 192.168.0.115:3306","timestamp":"2023-03-22T05:04:07.898Z"}
{"level":"error","message":"all leave connect EHOSTUNREACH 192.168.0.115:3306","timestamp":"2023-03-22T05:04:07.992Z"}
{"level":"error","message":"/api/v1/profile_information/E-2 connect EHOSTUNREACH 192.168.0.115:3306","timestamp":"2023-03-22T05:04:14.449Z"}
{"level":"error","message":"/api/v1/profile_information/E-2 connect EHOSTUNREACH 192.168.0.115:3306","timestamp":"2023-03-22T05:04:14.454Z"}
{"level":"error","message":"/api/v1/profile_information/E-2 connect EHOSTUNREACH 192.168.0.115:3306","timestamp":"2023-03-22T05:04:14.458Z"}
{"level":"error","message":"/api/v1/profile_information/E-2 connect EHOSTUNREACH 192.168.0.115:3306","timestamp":"2023-03-22T05:04:14.462Z"}
{"level":"error","message":"all leave connect EHOSTUNREACH 192.168.0.115:3306","timestamp":"2023-03-22T05:04:14.621Z"}
{"level":"error","message":"all leave connect EHOSTUNREACH 192.168.0.115:3306","timestamp":"2023-03-22T05:04:14.682Z"}
{"level":"error","message":"/api/v1/profile_information/E-2 connect EHOSTUNREACH 192.168.0.115:3306","timestamp":"2023-03-22T05:05:45.428Z"}
{"level":"error","message":"/api/v1/profile_information/E-2 connect EHOSTUNREACH 192.168.0.115:3306","timestamp":"2023-03-22T05:05:45.437Z"}
{"level":"error","message":"/api/v1/profile_information/E-2 connect EHOSTUNREACH 192.168.0.115:3306","timestamp":"2023-03-22T05:05:45.441Z"}
{"level":"error","message":"/api/v1/profile_information/E-2 connect EHOSTUNREACH 192.168.0.115:3306","timestamp":"2023-03-22T05:05:45.445Z"}
{"level":"error","message":"all leave connect EHOSTUNREACH 192.168.0.115:3306","timestamp":"2023-03-22T05:05:45.527Z"}
{"level":"error","message":"all leave connect EHOSTUNREACH 192.168.0.115:3306","timestamp":"2023-03-22T05:05:45.577Z"}
{"level":"error","message":"/api/v1/profile_information/E-2 connect EHOSTUNREACH 192.168.0.115:3306","timestamp":"2023-03-22T05:05:49.605Z"}
{"level":"error","message":"/api/v1/profile_information/E-2 connect EHOSTUNREACH 192.168.0.115:3306","timestamp":"2023-03-22T05:05:49.610Z"}
{"level":"error","message":"/api/v1/profile_information/E-2 connect EHOSTUNREACH 192.168.0.115:3306","timestamp":"2023-03-22T05:05:49.616Z"}
{"level":"error","message":"/api/v1/profile_information/E-2 connect EHOSTUNREACH 192.168.0.115:3306","timestamp":"2023-03-22T05:05:49.622Z"}
{"level":"error","message":"all leave connect EHOSTUNREACH 192.168.0.115:3306","timestamp":"2023-03-22T05:05:49.701Z"}
{"level":"error","message":"all leave connect EHOSTUNREACH 192.168.0.115:3306","timestamp":"2023-03-22T05:05:49.758Z"}
{"level":"error","message":"/api/v1/profile_information/E-2 connect EHOSTUNREACH 192.168.0.115:3306","timestamp":"2023-03-22T05:30:19.328Z"}
{"level":"error","message":"/api/v1/profile_information/E-2 connect EHOSTUNREACH 192.168.0.115:3306","timestamp":"2023-03-22T05:30:19.331Z"}
{"level":"error","message":"/api/v1/profile_information/E-2 connect EHOSTUNREACH 192.168.0.115:3306","timestamp":"2023-03-22T05:30:19.334Z"}
{"level":"error","message":"/api/v1/profile_information/E-2 connect EHOSTUNREACH 192.168.0.115:3306","timestamp":"2023-03-22T05:30:19.338Z"}
{"level":"error","message":"all leave connect EHOSTUNREACH 192.168.0.115:3306","timestamp":"2023-03-22T05:30:19.398Z"}
{"level":"error","message":"all leave connect EHOSTUNREACH 192.168.0.115:3306","timestamp":"2023-03-22T05:30:19.450Z"}
{"level":"error","message":"getAllEmployee connect ETIMEDOUT","timestamp":"2023-03-22T06:08:52.680Z"}
{"level":"error","message":"/api/v1/profile_information/E-2 connect ETIMEDOUT","timestamp":"2023-03-22T06:08:57.159Z"}
{"level":"error","message":"getAllEmployee connect ETIMEDOUT","timestamp":"2023-03-22T06:08:57.286Z"}
{"level":"error","message":"/api/v1/profile_information/null connect ETIMEDOUT","timestamp":"2023-03-23T07:05:11.924Z"}
{"level":"error","message":"connect ETIMEDOUT","timestamp":"2023-03-23T07:05:16.919Z"}
{"level":"error","message":"connect ETIMEDOUT","timestamp":"2023-03-23T07:05:21.574Z"}
{"level":"error","message":"add_employee create Validation error","timestamp":"2023-03-23T08:13:24.446Z"}
{"level":"error","message":"add_employee create Validation error","timestamp":"2023-03-23T09:54:18.104Z"}
{"level":"error","message":"add_employee create Validation error","timestamp":"2023-03-23T10:11:34.505Z"}
{"level":"error","message":"add_employee create Validation error","timestamp":"2023-03-23T10:13:42.374Z"}
{"level":"error","message":"add_employee create Validation error","timestamp":"2023-03-23T10:14:33.675Z"}
{"level":"error","message":"add_employee create Validation error","timestamp":"2023-03-23T10:15:00.379Z"}
{"level":"error","message":"add_employee create Validation error","timestamp":"2023-03-23T10:15:40.193Z"}
{"level":"error","message":"add_employee create Validation error","timestamp":"2023-03-23T10:19:52.178Z"}
{"level":"error","message":"add_employee create Validation error","timestamp":"2023-03-23T10:23:13.139Z"}
{"level":"error","message":"add_employee create Validation error","timestamp":"2023-03-23T10:24:17.571Z"}
>>>>>>> origin/main
{"level":"error","message":"Access denied for user 'mostofa'@'192.168.0.118' (using password: YES)","timestamp":"2023-03-27T08:48:54.903Z"}
